#
# There is insufficient memory for the Java Runtime Environment to continue.
# Native memory allocation (malloc) failed to allocate 32744 bytes for ChunkPool::allocate
# Possible reasons:
#   The system is out of physical RAM or swap space
#   The process is running with CompressedOops enabled, and the Java Heap may be blocking the growth of the native heap
# Possible solutions:
#   Reduce memory load on the system
#   Increase physical memory or swap space
#   Check if swap backing store is full
#   Decrease Java heap size (-Xmx/-Xms)
#   Decrease number of Java threads
#   Decrease Java thread stack sizes (-Xss)
#   Set larger code cache with -XX:ReservedCodeCacheSize=
#   JVM is running with Unscaled Compressed Oops mode in which the Java heap is
#     placed in the first 4GB address space. The Java Heap base address is the
#     maximum limit for the native heap growth. Please use -XX:HeapBaseMinAddress
#     to set the Java Heap base and to place the Java Heap above 4GB virtual address.
# This output file may be truncated or incomplete.
#
#  Out of Memory Error (arena.cpp:78), pid=27120, tid=30412
#
# JRE version: OpenJDK Runtime Environment Temurin-17.0.8.1+1 (17.0.8.1+1) (build 17.0.8.1+1)
# Java VM: OpenJDK 64-Bit Server VM Temurin-17.0.8.1+1 (17.0.8.1+1, mixed mode, tiered, compressed oops, compressed class ptrs, g1 gc, windows-amd64)
# No core dump will be written. Minidumps are not enabled by default on client versions of Windows
#

---------------  S U M M A R Y ------------

Command Line: -Dmaven.home=EMBEDDED -Dclassworlds.conf=D:\SWE-645\Code\.metadata\.plugins\org.eclipse.m2e.launching\launches\m2conf18040220437581084272.tmp -Dmaven.multiModuleProjectDirectory=D:\SWE645-HW3\swe645-HW3 -Dm2e.build.project.data.socket.port=55347 -Dfile.encoding=UTF-8 -Dstdout.encoding=UTF-8 -Dstderr.encoding=UTF-8 -XX:+ShowCodeDetailsInExceptionMessages org.codehaus.plexus.classworlds.launcher.Launcher -B -Dstyle.color=always clean

Host: AMD Ryzen 5 5625U with Radeon Graphics         , 12 cores, 7G,  Windows 11 , 64 bit Build 22000 (10.0.22000.2538)
Time: Wed Dec  6 16:09:06 2023 Eastern Standard Time elapsed time: 0.861189 seconds (0d 0h 0m 0s)

---------------  T H R E A D  ---------------

Current thread (0x0000012a749ebdd0):  JavaThread "C1 CompilerThread0" daemon [_thread_in_native, id=30412, stack(0x00000022c4c00000,0x00000022c4d00000)]


Current CompileTask:
C1:    861  635       3       java.net.URLStreamHandler::parseURL (1201 bytes)

Stack: [0x00000022c4c00000,0x00000022c4d00000]
Native frames: (J=compiled Java code, j=interpreted, Vv=VM code, C=native code)
V  [jvm.dll+0x678b0a]
V  [jvm.dll+0x835e84]
V  [jvm.dll+0x83762e]
V  [jvm.dll+0x837c93]
V  [jvm.dll+0x24746f]
V  [jvm.dll+0xac42c]
V  [jvm.dll+0xac7dc]
V  [jvm.dll+0x11d7c5]
V  [jvm.dll+0x17b284]
V  [jvm.dll+0x17b863]
V  [jvm.dll+0x135fc3]
V  [jvm.dll+0x1358bf]
V  [jvm.dll+0x135af6]
V  [jvm.dll+0x134f8a]
V  [jvm.dll+0x136c51]
V  [jvm.dll+0x228d8a]
V  [jvm.dll+0x226dcc]
V  [jvm.dll+0x7ec09b]
V  [jvm.dll+0x7e64ca]
V  [jvm.dll+0x677955]
C  [ucrtbase.dll+0x26c0c]
C  [KERNEL32.DLL+0x153e0]
C  [ntdll.dll+0x485b]


---------------  P R O C E S S  ---------------

Threads class SMR info:
_java_thread_list=0x0000012a74b80740, length=12, elements={
0x0000012a5aa0a8c0, 0x0000012a74893360, 0x0000012a74893fe0, 0x0000012a748bc500,
0x0000012a748bded0, 0x0000012a748be890, 0x0000012a749dea00, 0x0000012a749eaf10,
0x0000012a749ebdd0, 0x0000012a749eebd0, 0x0000012a74b7c770, 0x0000012a74b9c440
}

Java Threads: ( => current thread )
  0x0000012a5aa0a8c0 JavaThread "main" [_thread_in_Java, id=17892, stack(0x00000022c3e00000,0x00000022c3f00000)]
  0x0000012a74893360 JavaThread "Reference Handler" daemon [_thread_blocked, id=13256, stack(0x00000022c4500000,0x00000022c4600000)]
  0x0000012a74893fe0 JavaThread "Finalizer" daemon [_thread_blocked, id=28012, stack(0x00000022c4600000,0x00000022c4700000)]
  0x0000012a748bc500 JavaThread "Signal Dispatcher" daemon [_thread_blocked, id=8648, stack(0x00000022c4700000,0x00000022c4800000)]
  0x0000012a748bded0 JavaThread "Attach Listener" daemon [_thread_blocked, id=23320, stack(0x00000022c4800000,0x00000022c4900000)]
  0x0000012a748be890 JavaThread "Service Thread" daemon [_thread_blocked, id=26840, stack(0x00000022c4900000,0x00000022c4a00000)]
  0x0000012a749dea00 JavaThread "Monitor Deflation Thread" daemon [_thread_blocked, id=18764, stack(0x00000022c4a00000,0x00000022c4b00000)]
  0x0000012a749eaf10 JavaThread "C2 CompilerThread0" daemon [_thread_blocked, id=17776, stack(0x00000022c4b00000,0x00000022c4c00000)]
=>0x0000012a749ebdd0 JavaThread "C1 CompilerThread0" daemon [_thread_in_native, id=30412, stack(0x00000022c4c00000,0x00000022c4d00000)]
  0x0000012a749eebd0 JavaThread "Sweeper thread" daemon [_thread_blocked, id=31364, stack(0x00000022c4d00000,0x00000022c4e00000)]
  0x0000012a74b7c770 JavaThread "Notification Thread" daemon [_thread_blocked, id=8304, stack(0x00000022c4e00000,0x00000022c4f00000)]
  0x0000012a74b9c440 JavaThread "Common-Cleaner" daemon [_thread_blocked, id=23656, stack(0x00000022c5000000,0x00000022c5100000)]

Other Threads:
  0x0000012a7488fbb0 VMThread "VM Thread" [stack: 0x00000022c4400000,0x00000022c4500000] [id=14488]
  0x0000012a74b82c70 WatcherThread [stack: 0x00000022c4f00000,0x00000022c5000000] [id=20040]
  0x0000012a5aa62480 GCTaskThread "GC Thread#0" [stack: 0x00000022c3f00000,0x00000022c4000000] [id=30304]
  0x0000012a5aa726f0 ConcurrentGCThread "G1 Main Marker" [stack: 0x00000022c4000000,0x00000022c4100000] [id=5208]
  0x0000012a5aa75010 ConcurrentGCThread "G1 Conc#0" [stack: 0x00000022c4100000,0x00000022c4200000] [id=8020]
  0x0000012a5aace9c0 ConcurrentGCThread "G1 Refine#0" [stack: 0x00000022c4200000,0x00000022c4300000] [id=12032]
  0x0000012a746e44b0 ConcurrentGCThread "G1 Service" [stack: 0x00000022c4300000,0x00000022c4400000] [id=16516]

Threads with active compile tasks:
C2 CompilerThread0      891  680   !   4       java.util.concurrent.ConcurrentHashMap::putVal (432 bytes)
C1 CompilerThread0      891  635       3       java.net.URLStreamHandler::parseURL (1201 bytes)

VM state: not at safepoint (normal execution)

VM Mutex/Monitor currently owned by a thread: None

Heap address: 0x000000008a400000, size: 1884 MB, Compressed Oops mode: 32-bit

CDS archive(s) not mapped
Compressed class space mapped at: 0x0000000100000000-0x0000000140000000, reserved size: 1073741824
Narrow klass base: 0x0000000000000000, Narrow klass shift: 3, Narrow klass range: 0x140000000

GC Precious Log:
 CPUs: 12 total, 12 available
 Memory: 7530M
 Large Page Support: Disabled
 NUMA Support: Disabled
 Compressed Oops: Enabled (32-bit)
 Heap Region Size: 1M
 Heap Min Capacity: 8M
 Heap Initial Capacity: 118M
 Heap Max Capacity: 1884M
 Pre-touch: Disabled
 Parallel Workers: 10
 Concurrent Workers: 3
 Concurrent Refinement Workers: 10
 Periodic GC: Disabled

Heap:
 garbage-first heap   total 120832K, used 10240K [0x000000008a400000, 0x0000000100000000)
  region size 1024K, 11 young (11264K), 0 survivors (0K)
 Metaspace       used 12015K, committed 12224K, reserved 1114112K
  class space    used 1069K, committed 1152K, reserved 1048576K

Heap Regions: E=young(eden), S=young(survivor), O=old, HS=humongous(starts), HC=humongous(continues), CS=collection set, F=free, OA=open archive, CA=closed archive, TAMS=top-at-mark-start (previous, next)
|   0|0x000000008a400000, 0x000000008a400000, 0x000000008a500000|  0%| F|  |TAMS 0x000000008a400000, 0x000000008a400000| Untracked 
|   1|0x000000008a500000, 0x000000008a500000, 0x000000008a600000|  0%| F|  |TAMS 0x000000008a500000, 0x000000008a500000| Untracked 
|   2|0x000000008a600000, 0x000000008a600000, 0x000000008a700000|  0%| F|  |TAMS 0x000000008a600000, 0x000000008a600000| Untracked 
|   3|0x000000008a700000, 0x000000008a700000, 0x000000008a800000|  0%| F|  |TAMS 0x000000008a700000, 0x000000008a700000| Untracked 
|   4|0x000000008a800000, 0x000000008a800000, 0x000000008a900000|  0%| F|  |TAMS 0x000000008a800000, 0x000000008a800000| Untracked 
|   5|0x000000008a900000, 0x000000008a900000, 0x000000008aa00000|  0%| F|  |TAMS 0x000000008a900000, 0x000000008a900000| Untracked 
|   6|0x000000008aa00000, 0x000000008aa00000, 0x000000008ab00000|  0%| F|  |TAMS 0x000000008aa00000, 0x000000008aa00000| Untracked 
|   7|0x000000008ab00000, 0x000000008ab00000, 0x000000008ac00000|  0%| F|  |TAMS 0x000000008ab00000, 0x000000008ab00000| Untracked 
|   8|0x000000008ac00000, 0x000000008ac00000, 0x000000008ad00000|  0%| F|  |TAMS 0x000000008ac00000, 0x000000008ac00000| Untracked 
|   9|0x000000008ad00000, 0x000000008ad00000, 0x000000008ae00000|  0%| F|  |TAMS 0x000000008ad00000, 0x000000008ad00000| Untracked 
|  10|0x000000008ae00000, 0x000000008ae00000, 0x000000008af00000|  0%| F|  |TAMS 0x000000008ae00000, 0x000000008ae00000| Untracked 
|  11|0x000000008af00000, 0x000000008af00000, 0x000000008b000000|  0%| F|  |TAMS 0x000000008af00000, 0x000000008af00000| Untracked 
|  12|0x000000008b000000, 0x000000008b000000, 0x000000008b100000|  0%| F|  |TAMS 0x000000008b000000, 0x000000008b000000| Untracked 
|  13|0x000000008b100000, 0x000000008b100000, 0x000000008b200000|  0%| F|  |TAMS 0x000000008b100000, 0x000000008b100000| Untracked 
|  14|0x000000008b200000, 0x000000008b200000, 0x000000008b300000|  0%| F|  |TAMS 0x000000008b200000, 0x000000008b200000| Untracked 
|  15|0x000000008b300000, 0x000000008b300000, 0x000000008b400000|  0%| F|  |TAMS 0x000000008b300000, 0x000000008b300000| Untracked 
|  16|0x000000008b400000, 0x000000008b400000, 0x000000008b500000|  0%| F|  |TAMS 0x000000008b400000, 0x000000008b400000| Untracked 
|  17|0x000000008b500000, 0x000000008b500000, 0x000000008b600000|  0%| F|  |TAMS 0x000000008b500000, 0x000000008b500000| Untracked 
|  18|0x000000008b600000, 0x000000008b600000, 0x000000008b700000|  0%| F|  |TAMS 0x000000008b600000, 0x000000008b600000| Untracked 
|  19|0x000000008b700000, 0x000000008b700000, 0x000000008b800000|  0%| F|  |TAMS 0x000000008b700000, 0x000000008b700000| Untracked 
|  20|0x000000008b800000, 0x000000008b800000, 0x000000008b900000|  0%| F|  |TAMS 0x000000008b800000, 0x000000008b800000| Untracked 
|  21|0x000000008b900000, 0x000000008b900000, 0x000000008ba00000|  0%| F|  |TAMS 0x000000008b900000, 0x000000008b900000| Untracked 
|  22|0x000000008ba00000, 0x000000008ba00000, 0x000000008bb00000|  0%| F|  |TAMS 0x000000008ba00000, 0x000000008ba00000| Untracked 
|  23|0x000000008bb00000, 0x000000008bb00000, 0x000000008bc00000|  0%| F|  |TAMS 0x000000008bb00000, 0x000000008bb00000| Untracked 
|  24|0x000000008bc00000, 0x000000008bc00000, 0x000000008bd00000|  0%| F|  |TAMS 0x000000008bc00000, 0x000000008bc00000| Untracked 
|  25|0x000000008bd00000, 0x000000008bd00000, 0x000000008be00000|  0%| F|  |TAMS 0x000000008bd00000, 0x000000008bd00000| Untracked 
|  26|0x000000008be00000, 0x000000008be00000, 0x000000008bf00000|  0%| F|  |TAMS 0x000000008be00000, 0x000000008be00000| Untracked 
|  27|0x000000008bf00000, 0x000000008bf00000, 0x000000008c000000|  0%| F|  |TAMS 0x000000008bf00000, 0x000000008bf00000| Untracked 
|  28|0x000000008c000000, 0x000000008c000000, 0x000000008c100000|  0%| F|  |TAMS 0x000000008c000000, 0x000000008c000000| Untracked 
|  29|0x000000008c100000, 0x000000008c100000, 0x000000008c200000|  0%| F|  |TAMS 0x000000008c100000, 0x000000008c100000| Untracked 
|  30|0x000000008c200000, 0x000000008c200000, 0x000000008c300000|  0%| F|  |TAMS 0x000000008c200000, 0x000000008c200000| Untracked 
|  31|0x000000008c300000, 0x000000008c300000, 0x000000008c400000|  0%| F|  |TAMS 0x000000008c300000, 0x000000008c300000| Untracked 
|  32|0x000000008c400000, 0x000000008c400000, 0x000000008c500000|  0%| F|  |TAMS 0x000000008c400000, 0x000000008c400000| Untracked 
|  33|0x000000008c500000, 0x000000008c500000, 0x000000008c600000|  0%| F|  |TAMS 0x000000008c500000, 0x000000008c500000| Untracked 
|  34|0x000000008c600000, 0x000000008c600000, 0x000000008c700000|  0%| F|  |TAMS 0x000000008c600000, 0x000000008c600000| Untracked 
|  35|0x000000008c700000, 0x000000008c700000, 0x000000008c800000|  0%| F|  |TAMS 0x000000008c700000, 0x000000008c700000| Untracked 
|  36|0x000000008c800000, 0x000000008c800000, 0x000000008c900000|  0%| F|  |TAMS 0x000000008c800000, 0x000000008c800000| Untracked 
|  37|0x000000008c900000, 0x000000008c900000, 0x000000008ca00000|  0%| F|  |TAMS 0x000000008c900000, 0x000000008c900000| Untracked 
|  38|0x000000008ca00000, 0x000000008ca00000, 0x000000008cb00000|  0%| F|  |TAMS 0x000000008ca00000, 0x000000008ca00000| Untracked 
|  39|0x000000008cb00000, 0x000000008cb00000, 0x000000008cc00000|  0%| F|  |TAMS 0x000000008cb00000, 0x000000008cb00000| Untracked 
|  40|0x000000008cc00000, 0x000000008cc00000, 0x000000008cd00000|  0%| F|  |TAMS 0x000000008cc00000, 0x000000008cc00000| Untracked 
|  41|0x000000008cd00000, 0x000000008cd00000, 0x000000008ce00000|  0%| F|  |TAMS 0x000000008cd00000, 0x000000008cd00000| Untracked 
|  42|0x000000008ce00000, 0x000000008ce00000, 0x000000008cf00000|  0%| F|  |TAMS 0x000000008ce00000, 0x000000008ce00000| Untracked 
|  43|0x000000008cf00000, 0x000000008cf00000, 0x000000008d000000|  0%| F|  |TAMS 0x000000008cf00000, 0x000000008cf00000| Untracked 
|  44|0x000000008d000000, 0x000000008d000000, 0x000000008d100000|  0%| F|  |TAMS 0x000000008d000000, 0x000000008d000000| Untracked 
|  45|0x000000008d100000, 0x000000008d100000, 0x000000008d200000|  0%| F|  |TAMS 0x000000008d100000, 0x000000008d100000| Untracked 
|  46|0x000000008d200000, 0x000000008d200000, 0x000000008d300000|  0%| F|  |TAMS 0x000000008d200000, 0x000000008d200000| Untracked 
|  47|0x000000008d300000, 0x000000008d300000, 0x000000008d400000|  0%| F|  |TAMS 0x000000008d300000, 0x000000008d300000| Untracked 
|  48|0x000000008d400000, 0x000000008d400000, 0x000000008d500000|  0%| F|  |TAMS 0x000000008d400000, 0x000000008d400000| Untracked 
|  49|0x000000008d500000, 0x000000008d500000, 0x000000008d600000|  0%| F|  |TAMS 0x000000008d500000, 0x000000008d500000| Untracked 
|  50|0x000000008d600000, 0x000000008d600000, 0x000000008d700000|  0%| F|  |TAMS 0x000000008d600000, 0x000000008d600000| Untracked 
|  51|0x000000008d700000, 0x000000008d700000, 0x000000008d800000|  0%| F|  |TAMS 0x000000008d700000, 0x000000008d700000| Untracked 
|  52|0x000000008d800000, 0x000000008d800000, 0x000000008d900000|  0%| F|  |TAMS 0x000000008d800000, 0x000000008d800000| Untracked 
|  53|0x000000008d900000, 0x000000008d900000, 0x000000008da00000|  0%| F|  |TAMS 0x000000008d900000, 0x000000008d900000| Untracked 
|  54|0x000000008da00000, 0x000000008da00000, 0x000000008db00000|  0%| F|  |TAMS 0x000000008da00000, 0x000000008da00000| Untracked 
|  55|0x000000008db00000, 0x000000008db00000, 0x000000008dc00000|  0%| F|  |TAMS 0x000000008db00000, 0x000000008db00000| Untracked 
|  56|0x000000008dc00000, 0x000000008dc00000, 0x000000008dd00000|  0%| F|  |TAMS 0x000000008dc00000, 0x000000008dc00000| Untracked 
|  57|0x000000008dd00000, 0x000000008dd00000, 0x000000008de00000|  0%| F|  |TAMS 0x000000008dd00000, 0x000000008dd00000| Untracked 
|  58|0x000000008de00000, 0x000000008de00000, 0x000000008df00000|  0%| F|  |TAMS 0x000000008de00000, 0x000000008de00000| Untracked 
|  59|0x000000008df00000, 0x000000008df00000, 0x000000008e000000|  0%| F|  |TAMS 0x000000008df00000, 0x000000008df00000| Untracked 
|  60|0x000000008e000000, 0x000000008e000000, 0x000000008e100000|  0%| F|  |TAMS 0x000000008e000000, 0x000000008e000000| Untracked 
|  61|0x000000008e100000, 0x000000008e100000, 0x000000008e200000|  0%| F|  |TAMS 0x000000008e100000, 0x000000008e100000| Untracked 
|  62|0x000000008e200000, 0x000000008e200000, 0x000000008e300000|  0%| F|  |TAMS 0x000000008e200000, 0x000000008e200000| Untracked 
|  63|0x000000008e300000, 0x000000008e300000, 0x000000008e400000|  0%| F|  |TAMS 0x000000008e300000, 0x000000008e300000| Untracked 
|  64|0x000000008e400000, 0x000000008e400000, 0x000000008e500000|  0%| F|  |TAMS 0x000000008e400000, 0x000000008e400000| Untracked 
|  65|0x000000008e500000, 0x000000008e500000, 0x000000008e600000|  0%| F|  |TAMS 0x000000008e500000, 0x000000008e500000| Untracked 
|  66|0x000000008e600000, 0x000000008e600000, 0x000000008e700000|  0%| F|  |TAMS 0x000000008e600000, 0x000000008e600000| Untracked 
|  67|0x000000008e700000, 0x000000008e700000, 0x000000008e800000|  0%| F|  |TAMS 0x000000008e700000, 0x000000008e700000| Untracked 
|  68|0x000000008e800000, 0x000000008e800000, 0x000000008e900000|  0%| F|  |TAMS 0x000000008e800000, 0x000000008e800000| Untracked 
|  69|0x000000008e900000, 0x000000008e900000, 0x000000008ea00000|  0%| F|  |TAMS 0x000000008e900000, 0x000000008e900000| Untracked 
|  70|0x000000008ea00000, 0x000000008ea00000, 0x000000008eb00000|  0%| F|  |TAMS 0x000000008ea00000, 0x000000008ea00000| Untracked 
|  71|0x000000008eb00000, 0x000000008eb00000, 0x000000008ec00000|  0%| F|  |TAMS 0x000000008eb00000, 0x000000008eb00000| Untracked 
|  72|0x000000008ec00000, 0x000000008ec00000, 0x000000008ed00000|  0%| F|  |TAMS 0x000000008ec00000, 0x000000008ec00000| Untracked 
|  73|0x000000008ed00000, 0x000000008ed00000, 0x000000008ee00000|  0%| F|  |TAMS 0x000000008ed00000, 0x000000008ed00000| Untracked 
|  74|0x000000008ee00000, 0x000000008ee00000, 0x000000008ef00000|  0%| F|  |TAMS 0x000000008ee00000, 0x000000008ee00000| Untracked 
|  75|0x000000008ef00000, 0x000000008ef00000, 0x000000008f000000|  0%| F|  |TAMS 0x000000008ef00000, 0x000000008ef00000| Untracked 
|  76|0x000000008f000000, 0x000000008f000000, 0x000000008f100000|  0%| F|  |TAMS 0x000000008f000000, 0x000000008f000000| Untracked 
|  77|0x000000008f100000, 0x000000008f100000, 0x000000008f200000|  0%| F|  |TAMS 0x000000008f100000, 0x000000008f100000| Untracked 
|  78|0x000000008f200000, 0x000000008f200000, 0x000000008f300000|  0%| F|  |TAMS 0x000000008f200000, 0x000000008f200000| Untracked 
|  79|0x000000008f300000, 0x000000008f300000, 0x000000008f400000|  0%| F|  |TAMS 0x000000008f300000, 0x000000008f300000| Untracked 
|  80|0x000000008f400000, 0x000000008f400000, 0x000000008f500000|  0%| F|  |TAMS 0x000000008f400000, 0x000000008f400000| Untracked 
|  81|0x000000008f500000, 0x000000008f500000, 0x000000008f600000|  0%| F|  |TAMS 0x000000008f500000, 0x000000008f500000| Untracked 
|  82|0x000000008f600000, 0x000000008f600000, 0x000000008f700000|  0%| F|  |TAMS 0x000000008f600000, 0x000000008f600000| Untracked 
|  83|0x000000008f700000, 0x000000008f700000, 0x000000008f800000|  0%| F|  |TAMS 0x000000008f700000, 0x000000008f700000| Untracked 
|  84|0x000000008f800000, 0x000000008f800000, 0x000000008f900000|  0%| F|  |TAMS 0x000000008f800000, 0x000000008f800000| Untracked 
|  85|0x000000008f900000, 0x000000008f900000, 0x000000008fa00000|  0%| F|  |TAMS 0x000000008f900000, 0x000000008f900000| Untracked 
|  86|0x000000008fa00000, 0x000000008fa00000, 0x000000008fb00000|  0%| F|  |TAMS 0x000000008fa00000, 0x000000008fa00000| Untracked 
|  87|0x000000008fb00000, 0x000000008fb00000, 0x000000008fc00000|  0%| F|  |TAMS 0x000000008fb00000, 0x000000008fb00000| Untracked 
|  88|0x000000008fc00000, 0x000000008fc00000, 0x000000008fd00000|  0%| F|  |TAMS 0x000000008fc00000, 0x000000008fc00000| Untracked 
|  89|0x000000008fd00000, 0x000000008fd00000, 0x000000008fe00000|  0%| F|  |TAMS 0x000000008fd00000, 0x000000008fd00000| Untracked 
|  90|0x000000008fe00000, 0x000000008fe00000, 0x000000008ff00000|  0%| F|  |TAMS 0x000000008fe00000, 0x000000008fe00000| Untracked 
|  91|0x000000008ff00000, 0x000000008ff00000, 0x0000000090000000|  0%| F|  |TAMS 0x000000008ff00000, 0x000000008ff00000| Untracked 
|  92|0x0000000090000000, 0x0000000090000000, 0x0000000090100000|  0%| F|  |TAMS 0x0000000090000000, 0x0000000090000000| Untracked 
|  93|0x0000000090100000, 0x0000000090100000, 0x0000000090200000|  0%| F|  |TAMS 0x0000000090100000, 0x0000000090100000| Untracked 
|  94|0x0000000090200000, 0x0000000090200000, 0x0000000090300000|  0%| F|  |TAMS 0x0000000090200000, 0x0000000090200000| Untracked 
|  95|0x0000000090300000, 0x0000000090300000, 0x0000000090400000|  0%| F|  |TAMS 0x0000000090300000, 0x0000000090300000| Untracked 
|  96|0x0000000090400000, 0x0000000090400000, 0x0000000090500000|  0%| F|  |TAMS 0x0000000090400000, 0x0000000090400000| Untracked 
|  97|0x0000000090500000, 0x0000000090500000, 0x0000000090600000|  0%| F|  |TAMS 0x0000000090500000, 0x0000000090500000| Untracked 
|  98|0x0000000090600000, 0x0000000090600000, 0x0000000090700000|  0%| F|  |TAMS 0x0000000090600000, 0x0000000090600000| Untracked 
|  99|0x0000000090700000, 0x0000000090700000, 0x0000000090800000|  0%| F|  |TAMS 0x0000000090700000, 0x0000000090700000| Untracked 
| 100|0x0000000090800000, 0x0000000090800000, 0x0000000090900000|  0%| F|  |TAMS 0x0000000090800000, 0x0000000090800000| Untracked 
| 101|0x0000000090900000, 0x0000000090900000, 0x0000000090a00000|  0%| F|  |TAMS 0x0000000090900000, 0x0000000090900000| Untracked 
| 102|0x0000000090a00000, 0x0000000090a00000, 0x0000000090b00000|  0%| F|  |TAMS 0x0000000090a00000, 0x0000000090a00000| Untracked 
| 103|0x0000000090b00000, 0x0000000090b00000, 0x0000000090c00000|  0%| F|  |TAMS 0x0000000090b00000, 0x0000000090b00000| Untracked 
| 104|0x0000000090c00000, 0x0000000090c00000, 0x0000000090d00000|  0%| F|  |TAMS 0x0000000090c00000, 0x0000000090c00000| Untracked 
| 105|0x0000000090d00000, 0x0000000090d00000, 0x0000000090e00000|  0%| F|  |TAMS 0x0000000090d00000, 0x0000000090d00000| Untracked 
| 106|0x0000000090e00000, 0x0000000090e00000, 0x0000000090f00000|  0%| F|  |TAMS 0x0000000090e00000, 0x0000000090e00000| Untracked 
| 107|0x0000000090f00000, 0x0000000090f76458, 0x0000000091000000| 46%| E|  |TAMS 0x0000000090f00000, 0x0000000090f00000| Complete 
| 108|0x0000000091000000, 0x0000000091100000, 0x0000000091100000|100%| E|CS|TAMS 0x0000000091000000, 0x0000000091000000| Complete 
| 109|0x0000000091100000, 0x0000000091200000, 0x0000000091200000|100%| E|CS|TAMS 0x0000000091100000, 0x0000000091100000| Complete 
| 110|0x0000000091200000, 0x0000000091300000, 0x0000000091300000|100%| E|CS|TAMS 0x0000000091200000, 0x0000000091200000| Complete 
| 111|0x0000000091300000, 0x0000000091400000, 0x0000000091400000|100%| E|CS|TAMS 0x0000000091300000, 0x0000000091300000| Complete 
| 112|0x0000000091400000, 0x0000000091500000, 0x0000000091500000|100%| E|CS|TAMS 0x0000000091400000, 0x0000000091400000| Complete 
| 113|0x0000000091500000, 0x0000000091600000, 0x0000000091600000|100%| E|CS|TAMS 0x0000000091500000, 0x0000000091500000| Complete 
| 114|0x0000000091600000, 0x0000000091700000, 0x0000000091700000|100%| E|CS|TAMS 0x0000000091600000, 0x0000000091600000| Complete 
| 115|0x0000000091700000, 0x0000000091800000, 0x0000000091800000|100%| E|CS|TAMS 0x0000000091700000, 0x0000000091700000| Complete 
| 116|0x0000000091800000, 0x0000000091900000, 0x0000000091900000|100%| E|CS|TAMS 0x0000000091800000, 0x0000000091800000| Complete 
| 117|0x0000000091900000, 0x0000000091a00000, 0x0000000091a00000|100%| E|CS|TAMS 0x0000000091900000, 0x0000000091900000| Complete 

Card table byte_map: [0x0000012a6d9e0000,0x0000012a6dd90000] _byte_map_base: 0x0000012a6d58e000

Marking Bits (Prev, Next): (CMBitMap*) 0x0000012a5aa62aa0, (CMBitMap*) 0x0000012a5aa62ae0
 Prev Bits: [0x0000012a6e140000, 0x0000012a6feb0000)
 Next Bits: [0x0000012a6feb0000, 0x0000012a71c20000)

Polling page: 0x0000012a589d0000

Metaspace:

Usage:
  Non-class:     10.69 MB used.
      Class:      1.04 MB used.
       Both:     11.74 MB used.

Virtual space:
  Non-class space:       64.00 MB reserved,      10.81 MB ( 17%) committed,  1 nodes.
      Class space:        1.00 GB reserved,       1.12 MB ( <1%) committed,  1 nodes.
             Both:        1.06 GB reserved,      11.94 MB (  1%) committed. 

Chunk freelists:
   Non-Class:  4.93 MB
       Class:  14.72 MB
        Both:  19.65 MB

MaxMetaspaceSize: unlimited
CompressedClassSpaceSize: 1.00 GB
Initial GC threshold: 21.00 MB
Current GC threshold: 21.00 MB
CDS: off
MetaspaceReclaimPolicy: balanced
 - commit_granule_bytes: 65536.
 - commit_granule_words: 8192.
 - virtual_space_node_default_size: 8388608.
 - enlarge_chunks_in_place: 1.
 - new_chunks_are_fully_committed: 0.
 - uncommit_free_chunks: 1.
 - use_allocation_guard: 0.
 - handle_deallocations: 1.


Internal statistics:

num_allocs_failed_limit: 0.
num_arena_births: 18.
num_arena_deaths: 0.
num_vsnodes_births: 2.
num_vsnodes_deaths: 0.
num_space_committed: 191.
num_space_uncommitted: 0.
num_chunks_returned_to_freelist: 0.
num_chunks_taken_from_freelist: 96.
num_chunk_merges: 0.
num_chunk_splits: 55.
num_chunks_enlarged: 46.
num_inconsistent_stats: 0.

CodeHeap 'non-profiled nmethods': size=120000Kb used=181Kb max_used=181Kb free=119818Kb
 bounds [0x0000012a65ba0000, 0x0000012a65e10000, 0x0000012a6d0d0000]
CodeHeap 'profiled nmethods': size=120000Kb used=1036Kb max_used=1036Kb free=118963Kb
 bounds [0x0000012a5e0d0000, 0x0000012a5e340000, 0x0000012a65600000]
CodeHeap 'non-nmethods': size=5760Kb used=1151Kb max_used=1166Kb free=4608Kb
 bounds [0x0000012a65600000, 0x0000012a65870000, 0x0000012a65ba0000]
 total_blobs=1083 nmethods=640 adapters=356
 compilation: enabled
              stopped_count=0, restarted_count=0
 full_count=0

Compilation events (20 events):
Event: 0.849 Thread 0x0000012a749ebdd0  625       3       java.util.HashMap$EntryIterator::next (5 bytes)
Event: 0.849 Thread 0x0000012a749ebdd0 nmethod 625 0x0000012a5e1d1610 code [0x0000012a5e1d17c0, 0x0000012a5e1d1948]
Event: 0.849 Thread 0x0000012a749ebdd0  626       3       java.util.HashMap$EntryIterator::next (5 bytes)
Event: 0.849 Thread 0x0000012a749ebdd0 nmethod 626 0x0000012a5e1d1a10 code [0x0000012a5e1d1ba0, 0x0000012a5e1d1ce8]
Event: 0.849 Thread 0x0000012a749ebdd0  624       3       java.lang.ref.SoftReference::get (29 bytes)
Event: 0.849 Thread 0x0000012a749ebdd0 nmethod 624 0x0000012a5e1d1d90 code [0x0000012a5e1d1f20, 0x0000012a5e1d20f8]
Event: 0.849 Thread 0x0000012a749ebdd0  628       3       java.security.Provider$ServiceKey::<init> (39 bytes)
Event: 0.850 Thread 0x0000012a749ebdd0 nmethod 628 0x0000012a5e1d2190 code [0x0000012a5e1d2380, 0x0000012a5e1d28a8]
Event: 0.850 Thread 0x0000012a749ebdd0  629       3       java.security.Provider$ServiceKey::hashCode (19 bytes)
Event: 0.850 Thread 0x0000012a749ebdd0 nmethod 629 0x0000012a5e1d2a90 code [0x0000012a5e1d2c40, 0x0000012a5e1d2dd8]
Event: 0.850 Thread 0x0000012a749ebdd0  630       1       java.security.Provider$UString::toString (5 bytes)
Event: 0.850 Thread 0x0000012a749ebdd0 nmethod 630 0x0000012a65bcae90 code [0x0000012a65bcb020, 0x0000012a65bcb0f8]
Event: 0.850 Thread 0x0000012a749ebdd0  632       1       java.util.Collections$EmptyIterator::hasNext (2 bytes)
Event: 0.850 Thread 0x0000012a749ebdd0 nmethod 632 0x0000012a65bcb190 code [0x0000012a65bcb320, 0x0000012a65bcb3f8]
Event: 0.850 Thread 0x0000012a749ebdd0  631       1       java.security.Provider$Service::getProvider (5 bytes)
Event: 0.850 Thread 0x0000012a749ebdd0 nmethod 631 0x0000012a65bcb490 code [0x0000012a65bcb620, 0x0000012a65bcb6f8]
Event: 0.852 Thread 0x0000012a749ebdd0  634       3       sun.net.www.protocol.file.Handler::parseURL (18 bytes)
Event: 0.853 Thread 0x0000012a749ebdd0 nmethod 634 0x0000012a5e1d2f10 code [0x0000012a5e1d30c0, 0x0000012a5e1d3278]
Event: 0.853 Thread 0x0000012a749ebdd0  635       3       java.net.URLStreamHandler::parseURL (1201 bytes)
Event: 0.854 Thread 0x0000012a749eaf10  637       4       java.lang.StringUTF16::compress (50 bytes)

GC Heap History (0 events):
No events

Dll operation events (7 events):
Event: 0.006 Loaded shared library C:\Users\nandy\.p2\pool\plugins\org.eclipse.justj.openjdk.hotspot.jre.full.win32.x86_64_17.0.8.v20230831-1047\jre\bin\java.dll
Event: 0.104 Loaded shared library C:\Users\nandy\.p2\pool\plugins\org.eclipse.justj.openjdk.hotspot.jre.full.win32.x86_64_17.0.8.v20230831-1047\jre\bin\net.dll
Event: 0.106 Loaded shared library C:\Users\nandy\.p2\pool\plugins\org.eclipse.justj.openjdk.hotspot.jre.full.win32.x86_64_17.0.8.v20230831-1047\jre\bin\nio.dll
Event: 0.114 Loaded shared library C:\Users\nandy\.p2\pool\plugins\org.eclipse.justj.openjdk.hotspot.jre.full.win32.x86_64_17.0.8.v20230831-1047\jre\bin\zip.dll
Event: 0.256 Loaded shared library C:\Users\nandy\.p2\pool\plugins\org.eclipse.justj.openjdk.hotspot.jre.full.win32.x86_64_17.0.8.v20230831-1047\jre\bin\jimage.dll
Event: 0.663 Loaded shared library C:\Users\nandy\AppData\Local\Temp\jansi-2.4.0-5a083ebe860597ea-jansi.dll
Event: 0.854 Loaded shared library C:\Users\nandy\.p2\pool\plugins\org.eclipse.justj.openjdk.hotspot.jre.full.win32.x86_64_17.0.8.v20230831-1047\jre\bin\verify.dll

Deoptimization events (18 events):
Event: 0.259 Thread 0x0000012a5aa0a8c0 Uncommon trap: trap_request=0xffffff45 fr.pc=0x0000012a65bac2e4 relative=0x0000000000000064
Event: 0.259 Thread 0x0000012a5aa0a8c0 Uncommon trap: reason=unstable_if action=reinterpret pc=0x0000012a65bac2e4 method=java.io.WinNTFileSystem.isSlash(C)Z @ 9 c2
Event: 0.259 Thread 0x0000012a5aa0a8c0 DEOPT PACKING pc=0x0000012a65bac2e4 sp=0x00000022c3efd0e0
Event: 0.259 Thread 0x0000012a5aa0a8c0 DEOPT UNPACKING pc=0x0000012a656569a3 sp=0x00000022c3efd068 mode 2
Event: 0.704 Thread 0x0000012a5aa0a8c0 DEOPT PACKING pc=0x0000012a5e0f6be5 sp=0x00000022c3efc590
Event: 0.704 Thread 0x0000012a5aa0a8c0 DEOPT UNPACKING pc=0x0000012a65657143 sp=0x00000022c3efba08 mode 0
Event: 0.765 Thread 0x0000012a5aa0a8c0 Uncommon trap: trap_request=0xffffff45 fr.pc=0x0000012a65bbfc68 relative=0x0000000000000248
Event: 0.765 Thread 0x0000012a5aa0a8c0 Uncommon trap: reason=unstable_if action=reinterpret pc=0x0000012a65bbfc68 method=java.lang.String.startsWith(Ljava/lang/String;I)Z @ 1 c2
Event: 0.765 Thread 0x0000012a5aa0a8c0 DEOPT PACKING pc=0x0000012a65bbfc68 sp=0x00000022c3ef8df0
Event: 0.765 Thread 0x0000012a5aa0a8c0 DEOPT UNPACKING pc=0x0000012a656569a3 sp=0x00000022c3ef8d58 mode 2
Event: 0.797 Thread 0x0000012a5aa0a8c0 Uncommon trap: trap_request=0xffffff45 fr.pc=0x0000012a65ba4d40 relative=0x00000000000000c0
Event: 0.797 Thread 0x0000012a5aa0a8c0 Uncommon trap: reason=unstable_if action=reinterpret pc=0x0000012a65ba4d40 method=java.net.URI.match(CJJ)Z @ 45 c2
Event: 0.797 Thread 0x0000012a5aa0a8c0 DEOPT PACKING pc=0x0000012a65ba4d40 sp=0x00000022c3ef8510
Event: 0.797 Thread 0x0000012a5aa0a8c0 DEOPT UNPACKING pc=0x0000012a656569a3 sp=0x00000022c3ef8498 mode 2
Event: 0.829 Thread 0x0000012a5aa0a8c0 Uncommon trap: trap_request=0xffffff45 fr.pc=0x0000012a65bb9694 relative=0x0000000000000094
Event: 0.829 Thread 0x0000012a5aa0a8c0 Uncommon trap: reason=unstable_if action=reinterpret pc=0x0000012a65bb9694 method=jdk.internal.misc.Unsafe.getLongUnaligned(Ljava/lang/Object;J)J @ 7 c2
Event: 0.829 Thread 0x0000012a5aa0a8c0 DEOPT PACKING pc=0x0000012a65bb9694 sp=0x00000022c3ef7000
Event: 0.829 Thread 0x0000012a5aa0a8c0 DEOPT UNPACKING pc=0x0000012a656569a3 sp=0x00000022c3ef6fb0 mode 2

Classes unloaded (0 events):
No events

Classes redefined (0 events):
No events

Internal exceptions (15 events):
Event: 0.149 Thread 0x0000012a5aa0a8c0 Exception <a 'java/lang/NoSuchMethodError'{0x0000000091892e98}: 'int java.lang.invoke.DirectMethodHandle$Holder.invokeSpecial(java.lang.Object, java.lang.Object, java.lang.Object)'> (0x0000000091892e98) 
thrown [s\src\hotspot\share\interpreter\linkResolver.cpp, line 759]
Event: 0.252 Thread 0x0000012a5aa0a8c0 Exception <a 'java/lang/NullPointerException'{0x00000000916dfb10}> (0x00000000916dfb10) 
thrown [s\src\hotspot\share\interpreter\linkResolver.cpp, line 1350]
Event: 0.665 Thread 0x0000012a5aa0a8c0 Exception <a 'java/lang/NullPointerException'{0x00000000915348f8}> (0x00000000915348f8) 
thrown [s\src\hotspot\share\interpreter\linkResolver.cpp, line 1350]
Event: 0.665 Thread 0x0000012a5aa0a8c0 Exception <a 'java/lang/NullPointerException'{0x0000000091534bd0}> (0x0000000091534bd0) 
thrown [s\src\hotspot\share\interpreter\linkResolver.cpp, line 1350]
Event: 0.665 Thread 0x0000012a5aa0a8c0 Exception <a 'java/lang/NullPointerException'{0x0000000091534ea8}> (0x0000000091534ea8) 
thrown [s\src\hotspot\share\interpreter\linkResolver.cpp, line 1350]
Event: 0.666 Thread 0x0000012a5aa0a8c0 Exception <a 'java/lang/NullPointerException'{0x000000009153b210}> (0x000000009153b210) 
thrown [s\src\hotspot\share\interpreter\linkResolver.cpp, line 1350]
Event: 0.667 Thread 0x0000012a5aa0a8c0 Exception <a 'java/lang/NullPointerException'{0x0000000091550920}> (0x0000000091550920) 
thrown [s\src\hotspot\share\interpreter\linkResolver.cpp, line 1350]
Event: 0.667 Thread 0x0000012a5aa0a8c0 Exception <a 'java/lang/NullPointerException'{0x0000000091550bf8}> (0x0000000091550bf8) 
thrown [s\src\hotspot\share\interpreter\linkResolver.cpp, line 1350]
Event: 0.667 Thread 0x0000012a5aa0a8c0 Exception <a 'java/lang/NullPointerException'{0x0000000091550ed0}> (0x0000000091550ed0) 
thrown [s\src\hotspot\share\interpreter\linkResolver.cpp, line 1350]
Event: 0.667 Thread 0x0000012a5aa0a8c0 Exception <a 'java/lang/NullPointerException'{0x00000000915511a8}> (0x00000000915511a8) 
thrown [s\src\hotspot\share\interpreter\linkResolver.cpp, line 1350]
Event: 0.686 Thread 0x0000012a5aa0a8c0 Exception <a 'java/lang/NoSuchMethodError'{0x0000000091401988}: 'void java.lang.invoke.DirectMethodHandle$Holder.invokeStatic(java.lang.Object, java.lang.Object, java.lang.Object)'> (0x0000000091401988) 
thrown [s\src\hotspot\share\interpreter\linkResolver.cpp, line 759]
Event: 0.695 Thread 0x0000012a5aa0a8c0 Exception <a 'java/lang/NoSuchMethodError'{0x000000009145d780}: 'int java.lang.invoke.DirectMethodHandle$Holder.invokeStatic(java.lang.Object, java.lang.Object, int)'> (0x000000009145d780) 
thrown [s\src\hotspot\share\interpreter\linkResolver.cpp, line 759]
Event: 0.724 Thread 0x0000012a5aa0a8c0 Exception <a 'java/lang/NullPointerException'{0x0000000091305eb8}> (0x0000000091305eb8) 
thrown [s\src\hotspot\share\interpreter\linkResolver.cpp, line 1350]
Event: 0.724 Thread 0x0000012a5aa0a8c0 Exception <a 'java/lang/NullPointerException'{0x000000009130e478}> (0x000000009130e478) 
thrown [s\src\hotspot\share\interpreter\linkResolver.cpp, line 1350]
Event: 0.755 Thread 0x0000012a5aa0a8c0 Exception <a 'java/lang/NoSuchMethodError'{0x00000000912101d8}: 'java.lang.Object java.lang.invoke.DirectMethodHandle$Holder.invokeSpecialIFC(java.lang.Object, java.lang.Object, java.lang.Object, java.lang.Object)'> (0x00000000912101d8) 
thrown [s\src\hotspot\share\interpreter\linkResolver.cpp, line 759]

VM Operations (10 events):
Event: 0.116 Executing VM operation: HandshakeAllThreads
Event: 0.116 Executing VM operation: HandshakeAllThreads done
Event: 0.251 Executing VM operation: HandshakeAllThreads
Event: 0.251 Executing VM operation: HandshakeAllThreads done
Event: 0.259 Executing VM operation: HandshakeAllThreads
Event: 0.259 Executing VM operation: HandshakeAllThreads done
Event: 0.776 Executing VM operation: HandshakeAllThreads
Event: 0.776 Executing VM operation: HandshakeAllThreads done
Event: 0.858 Executing VM operation: HandshakeAllThreads
Event: 0.858 Executing VM operation: HandshakeAllThreads done

Events (20 events):
Event: 0.847 loading class java/util/LinkedHashMap$LinkedEntryIterator
Event: 0.847 loading class java/util/LinkedHashMap$LinkedEntryIterator done
Event: 0.848 loading class java/util/Base64
Event: 0.848 loading class java/util/Base64 done
Event: 0.848 loading class java/util/Base64$Decoder
Event: 0.848 loading class java/util/Base64$Decoder done
Event: 0.848 loading class java/util/Base64$Encoder
Event: 0.848 loading class java/util/Base64$Encoder done
Event: 0.848 loading class java/util/jar/JarVerifier$VerifierStream
Event: 0.848 loading class java/util/jar/JarVerifier$VerifierStream done
Event: 0.849 loading class sun/security/util/ManifestEntryVerifier$SunProviderHolder
Event: 0.849 loading class sun/security/util/ManifestEntryVerifier$SunProviderHolder done
Event: 0.851 loading class java/lang/TypeNotPresentException
Event: 0.851 loading class java/lang/TypeNotPresentException done
Event: 0.856 loading class java/util/concurrent/atomic/AtomicReference
Event: 0.856 loading class java/util/concurrent/atomic/AtomicReference done
Event: 0.857 loading class java/lang/invoke/VarHandleReferences$FieldInstanceReadWrite
Event: 0.857 loading class java/lang/invoke/VarHandleReferences$FieldInstanceReadOnly
Event: 0.857 loading class java/lang/invoke/VarHandleReferences$FieldInstanceReadOnly done
Event: 0.857 loading class java/lang/invoke/VarHandleReferences$FieldInstanceReadWrite done


Dynamic libraries:
0x00007ff7fd370000 - 0x00007ff7fd37e000 	C:\Users\nandy\.p2\pool\plugins\org.eclipse.justj.openjdk.hotspot.jre.full.win32.x86_64_17.0.8.v20230831-1047\jre\bin\javaw.exe
0x00007ffa5a400000 - 0x00007ffa5a609000 	C:\windows\SYSTEM32\ntdll.dll
0x00007ffa59d10000 - 0x00007ffa59dcd000 	C:\windows\System32\KERNEL32.DLL
0x00007ffa57d60000 - 0x00007ffa580e4000 	C:\windows\System32\KERNELBASE.dll
0x00007ffa57bd0000 - 0x00007ffa57ce1000 	C:\windows\System32\ucrtbase.dll
0x00007ffa40660000 - 0x00007ffa40679000 	C:\Users\nandy\.p2\pool\plugins\org.eclipse.justj.openjdk.hotspot.jre.full.win32.x86_64_17.0.8.v20230831-1047\jre\bin\VCRUNTIME140.dll
0x00007ffa41670000 - 0x00007ffa41687000 	C:\Users\nandy\.p2\pool\plugins\org.eclipse.justj.openjdk.hotspot.jre.full.win32.x86_64_17.0.8.v20230831-1047\jre\bin\jli.dll
0x00007ffa59b60000 - 0x00007ffa59d0d000 	C:\windows\System32\USER32.dll
0x00007ffa3d710000 - 0x00007ffa3d9b5000 	C:\windows\WinSxS\amd64_microsoft.windows.common-controls_6595b64144ccf1df_6.0.22000.120_none_9d947278b86cc467\COMCTL32.dll
0x00007ffa57b20000 - 0x00007ffa57b46000 	C:\windows\System32\win32u.dll
0x00007ffa5a0e0000 - 0x00007ffa5a183000 	C:\windows\System32\msvcrt.dll
0x00007ffa5a190000 - 0x00007ffa5a1ba000 	C:\windows\System32\GDI32.dll
0x00007ffa57890000 - 0x00007ffa579ae000 	C:\windows\System32\gdi32full.dll
0x00007ffa580f0000 - 0x00007ffa5818d000 	C:\windows\System32\msvcp_win.dll
0x00007ffa59ff0000 - 0x00007ffa5a021000 	C:\windows\System32\IMM32.DLL
0x00007ffa44ec0000 - 0x00007ffa44ecc000 	C:\Users\nandy\.p2\pool\plugins\org.eclipse.justj.openjdk.hotspot.jre.full.win32.x86_64_17.0.8.v20230831-1047\jre\bin\vcruntime140_1.dll
0x00007ffa1efb0000 - 0x00007ffa1f041000 	C:\Users\nandy\.p2\pool\plugins\org.eclipse.justj.openjdk.hotspot.jre.full.win32.x86_64_17.0.8.v20230831-1047\jre\bin\msvcp140.dll
0x00007ff9c1050000 - 0x00007ff9c1c9c000 	C:\Users\nandy\.p2\pool\plugins\org.eclipse.justj.openjdk.hotspot.jre.full.win32.x86_64_17.0.8.v20230831-1047\jre\bin\server\jvm.dll
0x00007ffa59e60000 - 0x00007ffa59f0e000 	C:\windows\System32\ADVAPI32.dll
0x00007ffa5a230000 - 0x00007ffa5a2ce000 	C:\windows\System32\sechost.dll
0x00007ffa587f0000 - 0x00007ffa58911000 	C:\windows\System32\RPCRT4.dll
0x00007ffa575c0000 - 0x00007ffa5760d000 	C:\windows\SYSTEM32\POWRPROF.dll
0x00007ffa524e0000 - 0x00007ffa524e9000 	C:\windows\SYSTEM32\WSOCK32.dll
0x00007ffa51b00000 - 0x00007ffa51b33000 	C:\windows\SYSTEM32\WINMM.dll
0x00007ffa4f2a0000 - 0x00007ffa4f2aa000 	C:\windows\SYSTEM32\VERSION.dll
0x00007ffa5a1c0000 - 0x00007ffa5a22f000 	C:\windows\System32\WS2_32.dll
0x00007ffa575a0000 - 0x00007ffa575b3000 	C:\windows\SYSTEM32\UMPDC.dll
0x00007ffa568c0000 - 0x00007ffa568d8000 	C:\windows\SYSTEM32\kernel.appcore.dll
0x00007ffa42ad0000 - 0x00007ffa42ada000 	C:\Users\nandy\.p2\pool\plugins\org.eclipse.justj.openjdk.hotspot.jre.full.win32.x86_64_17.0.8.v20230831-1047\jre\bin\jimage.dll
0x00007ffa43700000 - 0x00007ffa43921000 	C:\windows\SYSTEM32\DBGHELP.DLL
0x00007ffa3c680000 - 0x00007ffa3c6b1000 	C:\windows\SYSTEM32\dbgcore.DLL
0x00007ffa57b50000 - 0x00007ffa57bcf000 	C:\windows\System32\bcryptPrimitives.dll
0x00007ffa36ac0000 - 0x00007ffa36ae5000 	C:\Users\nandy\.p2\pool\plugins\org.eclipse.justj.openjdk.hotspot.jre.full.win32.x86_64_17.0.8.v20230831-1047\jre\bin\java.dll
0x00007ffa40550000 - 0x00007ffa40568000 	C:\Users\nandy\.p2\pool\plugins\org.eclipse.justj.openjdk.hotspot.jre.full.win32.x86_64_17.0.8.v20230831-1047\jre\bin\zip.dll
0x00007ffa58e90000 - 0x00007ffa59655000 	C:\windows\System32\SHELL32.dll
0x00007ffa55920000 - 0x00007ffa56182000 	C:\windows\SYSTEM32\windows.storage.dll
0x00007ffa58250000 - 0x00007ffa585c6000 	C:\windows\System32\combase.dll
0x00007ffa557b0000 - 0x00007ffa55917000 	C:\windows\SYSTEM32\wintypes.dll
0x00007ffa58bc0000 - 0x00007ffa58caa000 	C:\windows\System32\SHCORE.dll
0x00007ffa589a0000 - 0x00007ffa589fd000 	C:\windows\System32\shlwapi.dll
0x00007ffa577c0000 - 0x00007ffa577e5000 	C:\windows\SYSTEM32\profapi.dll
0x00007ffa30450000 - 0x00007ffa30469000 	C:\Users\nandy\.p2\pool\plugins\org.eclipse.justj.openjdk.hotspot.jre.full.win32.x86_64_17.0.8.v20230831-1047\jre\bin\net.dll
0x00007ffa51280000 - 0x00007ffa51394000 	C:\windows\SYSTEM32\WINHTTP.dll
0x00007ffa56d70000 - 0x00007ffa56dd7000 	C:\windows\system32\mswsock.dll
0x00007ffa2cfd0000 - 0x00007ffa2cfe5000 	C:\Users\nandy\.p2\pool\plugins\org.eclipse.justj.openjdk.hotspot.jre.full.win32.x86_64_17.0.8.v20230831-1047\jre\bin\nio.dll
0x0000000069ac0000 - 0x0000000069ae4000 	C:\Users\nandy\AppData\Local\Temp\jansi-2.4.0-5a083ebe860597ea-jansi.dll
0x00007ffa41660000 - 0x00007ffa41670000 	C:\Users\nandy\.p2\pool\plugins\org.eclipse.justj.openjdk.hotspot.jre.full.win32.x86_64_17.0.8.v20230831-1047\jre\bin\verify.dll

dbghelp: loaded successfully - version: 4.0.5 - missing functions: none
symbol engine: initialized successfully - sym options: 0x614 - pdb path: .;C:\Users\nandy\.p2\pool\plugins\org.eclipse.justj.openjdk.hotspot.jre.full.win32.x86_64_17.0.8.v20230831-1047\jre\bin;C:\windows\SYSTEM32;C:\windows\WinSxS\amd64_microsoft.windows.common-controls_6595b64144ccf1df_6.0.22000.120_none_9d947278b86cc467;C:\Users\nandy\.p2\pool\plugins\org.eclipse.justj.openjdk.hotspot.jre.full.win32.x86_64_17.0.8.v20230831-1047\jre\bin\server;C:\Users\nandy\AppData\Local\Temp

VM Arguments:
jvm_args: -Dmaven.home=EMBEDDED -Dclassworlds.conf=D:\SWE-645\Code\.metadata\.plugins\org.eclipse.m2e.launching\launches\m2conf18040220437581084272.tmp -Dmaven.multiModuleProjectDirectory=D:\SWE645-HW3\swe645-HW3 -Dm2e.build.project.data.socket.port=55347 -Dfile.encoding=UTF-8 -Dstdout.encoding=UTF-8 -Dstderr.encoding=UTF-8 -XX:+ShowCodeDetailsInExceptionMessages 
java_command: org.codehaus.plexus.classworlds.launcher.Launcher -B -Dstyle.color=always clean
java_class_path (initial): C:\Users\nandy\.p2\pool\plugins\org.eclipse.m2e.maven.runtime_3.9.400.20230826-0755\jars\plexus-classworlds-2.7.0.jar
Launcher Type: SUN_STANDARD

[Global flags]
     intx CICompilerCount                          = 4                                         {product} {ergonomic}
     uint ConcGCThreads                            = 3                                         {product} {ergonomic}
     uint G1ConcRefinementThreads                  = 10                                        {product} {ergonomic}
   size_t G1HeapRegionSize                         = 1048576                                   {product} {ergonomic}
    uintx GCDrainStackTargetSize                   = 64                                        {product} {ergonomic}
   size_t InitialHeapSize                          = 123731968                                 {product} {ergonomic}
   size_t MarkStackSize                            = 4194304                                   {product} {ergonomic}
   size_t MaxHeapSize                              = 1975517184                                {product} {ergonomic}
   size_t MaxNewSize                               = 1184890880                                {product} {ergonomic}
   size_t MinHeapDeltaBytes                        = 1048576                                   {product} {ergonomic}
   size_t MinHeapSize                              = 8388608                                   {product} {ergonomic}
    uintx NonNMethodCodeHeapSize                   = 5839372                                {pd product} {ergonomic}
    uintx NonProfiledCodeHeapSize                  = 122909434                              {pd product} {ergonomic}
    uintx ProfiledCodeHeapSize                     = 122909434                              {pd product} {ergonomic}
    uintx ReservedCodeCacheSize                    = 251658240                              {pd product} {ergonomic}
     bool SegmentedCodeCache                       = true                                      {product} {ergonomic}
     bool ShowCodeDetailsInExceptionMessages       = true                                   {manageable} {command line}
   size_t SoftMaxHeapSize                          = 1975517184                             {manageable} {ergonomic}
     bool UseCompressedClassPointers               = true                           {product lp64_product} {ergonomic}
     bool UseCompressedOops                        = true                           {product lp64_product} {ergonomic}
     bool UseG1GC                                  = true                                      {product} {ergonomic}
     bool UseLargePagesIndividualAllocation        = false                                  {pd product} {ergonomic}

Logging:
Log output configuration:
 #0: stdout all=warning uptime,level,tags
 #1: stderr all=off uptime,level,tags

Environment Variables:
JAVA_HOME=C:\Program Files\Java\jdk-11
CLASSPATH=D:\apache-tomcat-10.0.23\apache-tomcat-10.0.23\lib
PATH=C:/Users/nandy/.p2/pool/plugins/org.eclipse.justj.openjdk.hotspot.jre.full.win32.x86_64_21.0.1.v20231028-0937/jre/bin/server;C:/Users/nandy/.p2/pool/plugins/org.eclipse.justj.openjdk.hotspot.jre.full.win32.x86_64_21.0.1.v20231028-0937/jre/bin;C:\Program Files\Common Files\Oracle\Java\javapath;C:\windows\system32;C:\windows;C:\windows\System32\Wbem;C:\windows\System32\WindowsPowerShell\v1.0\;C:\windows\System32\OpenSSH\;C:\Program Files (x86)\Zorba XQuery Processor 3.0.0\bin;C:\Program Files\Java\jdk-11\bin;"%PATH%;";"C:\Program Files\Java\jdk-11\bin;";"D:\apache-tomcat-10.0.23\apache-tomcat-10.0.23\bin;";"D:\apache-tomcat-10.0.23\apache-tomcat-10.0.23\lib\servlet-api.jar;";C:\Program Files\Docker\Docker\resources\bin;C:\Program Files\nodejs\;C:\Program Files\Amazon\AWSCLIV2\;C:\Program Files\Git\cmd;C:\Program Files\PowerShell\7\;C:\Users\nandy\AppData\Local\Programs\Python\Python310\Scripts\;C:\Users\nandy\AppData\Local\Programs\Python\Python310\;C:\Users\nandy\AppData\Local\Microsoft\WindowsApps;C:\Users\nandy\AppData\Local\atom\bin;C:\Users\nandy\AppData\Local\Programs\Microsoft VS Code\bin;C:\Users\nandy\AppData\Roaming\npm;C:\windows\System32;
USERNAME=nandy
OS=Windows_NT
PROCESSOR_IDENTIFIER=AMD64 Family 25 Model 80 Stepping 0, AuthenticAMD
TMP=C:\Users\nandy\AppData\Local\Temp
TEMP=C:\Users\nandy\AppData\Local\Temp



---------------  S Y S T E M  ---------------

OS:
 Windows 11 , 64 bit Build 22000 (10.0.22000.2538)
OS uptime: 20 days 22:03 hours
Hyper-V role detected

CPU: total 12 (initial active 12) (12 cores per cpu, 2 threads per core) family 25 model 80 stepping 0 microcode 0x0, cx8, cmov, fxsr, ht, mmx, 3dnowpref, sse, sse2, sse3, ssse3, sse4a, sse4.1, sse4.2, popcnt, lzcnt, tsc, tscinvbit, avx, avx2, aes, erms, clmul, bmi1, bmi2, adx, sha, fma, vzeroupper, clflush, clflushopt, hv
Processor Information for processor 0
  Max Mhz: 2301, Current Mhz: 1798, Mhz Limit: 2301
Processor Information for processor 1
  Max Mhz: 2301, Current Mhz: 1798, Mhz Limit: 2301
Processor Information for processor 2
  Max Mhz: 2301, Current Mhz: 2301, Mhz Limit: 2301
Processor Information for processor 3
  Max Mhz: 2301, Current Mhz: 2301, Mhz Limit: 2301
Processor Information for processor 4
  Max Mhz: 2301, Current Mhz: 1798, Mhz Limit: 2301
Processor Information for processor 5
  Max Mhz: 2301, Current Mhz: 1798, Mhz Limit: 2301
Processor Information for processor 6
  Max Mhz: 2301, Current Mhz: 2301, Mhz Limit: 2301
Processor Information for processor 7
  Max Mhz: 2301, Current Mhz: 2301, Mhz Limit: 2301
Processor Information for processor 8
  Max Mhz: 2301, Current Mhz: 1798, Mhz Limit: 2301
Processor Information for processor 9
  Max Mhz: 2301, Current Mhz: 1798, Mhz Limit: 2301
Processor Information for processor 10
  Max Mhz: 2301, Current Mhz: 2301, Mhz Limit: 2301
Processor Information for processor 11
  Max Mhz: 2301, Current Mhz: 2301, Mhz Limit: 2301

Memory: 4k page, system-wide physical 7530M (362M free)
TotalPageFile size 24196M (AvailPageFile size 1M)
current process WorkingSet (physical memory assigned to process): 60M, peak: 60M
current process commit charge ("private bytes"): 214M, peak: 214M

vm_info: OpenJDK 64-Bit Server VM (17.0.8.1+1) for windows-amd64 JRE (17.0.8.1+1), built on Aug 23 2023 15:29:17 by "admin" with MS VC++ 16.7 (VS2019)

END.
