#
# There is insufficient memory for the Java Runtime Environment to continue.
# Native memory allocation (mmap) failed to map 39845888 bytes for G1 virtual space
# Possible reasons:
#   The system is out of physical RAM or swap space
#   The process is running with CompressedOops enabled, and the Java Heap may be blocking the growth of the native heap
# Possible solutions:
#   Reduce memory load on the system
#   Increase physical memory or swap space
#   Check if swap backing store is full
#   Decrease Java heap size (-Xmx/-Xms)
#   Decrease number of Java threads
#   Decrease Java thread stack sizes (-Xss)
#   Set larger code cache with -XX:ReservedCodeCacheSize=
#   JVM is running with Unscaled Compressed Oops mode in which the Java heap is
#     placed in the first 4GB address space. The Java Heap base address is the
#     maximum limit for the native heap growth. Please use -XX:HeapBaseMinAddress
#     to set the Java Heap base and to place the Java Heap above 4GB virtual address.
# This output file may be truncated or incomplete.
#
#  Out of Memory Error (os_windows.cpp:3617), pid=17864, tid=29528
#
# JRE version: OpenJDK Runtime Environment Temurin-17.0.8.1+1 (17.0.8.1+1) (build 17.0.8.1+1)
# Java VM: OpenJDK 64-Bit Server VM Temurin-17.0.8.1+1 (17.0.8.1+1, mixed mode, tiered, compressed oops, compressed class ptrs, g1 gc, windows-amd64)
# No core dump will be written. Minidumps are not enabled by default on client versions of Windows
#

---------------  S U M M A R Y ------------

Command Line: -Dmaven.home=EMBEDDED -Dclassworlds.conf=D:\SWE-645\Code\.metadata\.plugins\org.eclipse.m2e.launching\launches\m2conf6312476494985730699.tmp -Dmaven.multiModuleProjectDirectory=D:\SWE645-HW3\swe645-HW3 -Dm2e.build.project.data.socket.port=55355 -Dfile.encoding=UTF-8 -Dstdout.encoding=UTF-8 -Dstderr.encoding=UTF-8 -XX:+ShowCodeDetailsInExceptionMessages org.codehaus.plexus.classworlds.launcher.Launcher -B -Dstyle.color=always install

Host: AMD Ryzen 5 5625U with Radeon Graphics         , 12 cores, 7G,  Windows 11 , 64 bit Build 22000 (10.0.22000.2538)
Time: Wed Dec  6 16:09:44 2023 Eastern Standard Time elapsed time: 3.835774 seconds (0d 0h 0m 3s)

---------------  T H R E A D  ---------------

Current thread (0x0000022f1ee0cbe0):  VMThread "VM Thread" [stack: 0x0000009fba400000,0x0000009fba500000] [id=29528]

Stack: [0x0000009fba400000,0x0000009fba500000]
Native frames: (J=compiled Java code, j=interpreted, Vv=VM code, C=native code)
V  [jvm.dll+0x678b0a]
V  [jvm.dll+0x835e84]
V  [jvm.dll+0x83762e]
V  [jvm.dll+0x837c93]
V  [jvm.dll+0x24746f]
V  [jvm.dll+0x675859]
V  [jvm.dll+0x66a0ea]
V  [jvm.dll+0x306c7b]
V  [jvm.dll+0x30e166]
V  [jvm.dll+0x35dd3e]
V  [jvm.dll+0x35df6f]
V  [jvm.dll+0x2ddb48]
V  [jvm.dll+0x2dbd0c]
V  [jvm.dll+0x2db2dc]
V  [jvm.dll+0x31f18b]
V  [jvm.dll+0x83c15b]
V  [jvm.dll+0x83ce94]
V  [jvm.dll+0x83d3ac]
V  [jvm.dll+0x83d784]
V  [jvm.dll+0x83d850]
V  [jvm.dll+0x7e64ca]
V  [jvm.dll+0x677955]
C  [ucrtbase.dll+0x26c0c]
C  [KERNEL32.DLL+0x153e0]
C  [ntdll.dll+0x485b]

VM_Operation (0x0000009fb9efb820): G1CollectForAllocation, mode: safepoint, requested by thread 0x0000022f04f9a870


---------------  P R O C E S S  ---------------

Threads class SMR info:
_java_thread_list=0x0000022f23a216c0, length=13, elements={
0x0000022f04f9a870, 0x0000022f1ee10b30, 0x0000022f1ee11f50, 0x0000022f1ee1bb30,
0x0000022f2301a000, 0x0000022f2301b070, 0x0000022f2301c0e0, 0x0000022f23021120,
0x0000022f23022370, 0x0000022f23035540, 0x0000022f2318d4c0, 0x0000022f2319c070,
0x0000022f23859010
}

Java Threads: ( => current thread )
  0x0000022f04f9a870 JavaThread "main" [_thread_blocked, id=8636, stack(0x0000009fb9e00000,0x0000009fb9f00000)]
  0x0000022f1ee10b30 JavaThread "Reference Handler" daemon [_thread_blocked, id=9568, stack(0x0000009fba500000,0x0000009fba600000)]
  0x0000022f1ee11f50 JavaThread "Finalizer" daemon [_thread_blocked, id=6080, stack(0x0000009fba600000,0x0000009fba700000)]
  0x0000022f1ee1bb30 JavaThread "Signal Dispatcher" daemon [_thread_blocked, id=31580, stack(0x0000009fba700000,0x0000009fba800000)]
  0x0000022f2301a000 JavaThread "Attach Listener" daemon [_thread_blocked, id=2736, stack(0x0000009fba800000,0x0000009fba900000)]
  0x0000022f2301b070 JavaThread "Service Thread" daemon [_thread_blocked, id=3084, stack(0x0000009fba900000,0x0000009fbaa00000)]
  0x0000022f2301c0e0 JavaThread "Monitor Deflation Thread" daemon [_thread_blocked, id=18404, stack(0x0000009fbaa00000,0x0000009fbab00000)]
  0x0000022f23021120 JavaThread "C2 CompilerThread0" daemon [_thread_blocked, id=30564, stack(0x0000009fbab00000,0x0000009fbac00000)]
  0x0000022f23022370 JavaThread "C1 CompilerThread0" daemon [_thread_blocked, id=14936, stack(0x0000009fbac00000,0x0000009fbad00000)]
  0x0000022f23035540 JavaThread "Sweeper thread" daemon [_thread_blocked, id=18980, stack(0x0000009fbad00000,0x0000009fbae00000)]
  0x0000022f2318d4c0 JavaThread "Notification Thread" daemon [_thread_blocked, id=15608, stack(0x0000009fbae00000,0x0000009fbaf00000)]
  0x0000022f2319c070 JavaThread "Common-Cleaner" daemon [_thread_blocked, id=5852, stack(0x0000009fbb000000,0x0000009fbb100000)]
  0x0000022f23859010 JavaThread "C2 CompilerThread1" daemon [_thread_in_native, id=30960, stack(0x0000009fbb100000,0x0000009fbb200000)]

Other Threads:
=>0x0000022f1ee0cbe0 VMThread "VM Thread" [stack: 0x0000009fba400000,0x0000009fba500000] [id=29528]
  0x0000022f23197dd0 WatcherThread [stack: 0x0000009fbaf00000,0x0000009fbb000000] [id=1540]
  0x0000022f04ff2520 GCTaskThread "GC Thread#0" [stack: 0x0000009fb9f00000,0x0000009fba000000] [id=1172]
  0x0000022f2328efb0 GCTaskThread "GC Thread#1" [stack: 0x0000009fbb200000,0x0000009fbb300000] [id=4108]
  0x0000022f23e9dd60 GCTaskThread "GC Thread#2" [stack: 0x0000009fbb300000,0x0000009fbb400000] [id=13276]
  0x0000022f23fc08b0 GCTaskThread "GC Thread#3" [stack: 0x0000009fbb400000,0x0000009fbb500000] [id=6776]
  0x0000022f23bdb940 GCTaskThread "GC Thread#4" [stack: 0x0000009fbb500000,0x0000009fbb600000] [id=9208]
  0x0000022f23bdbc00 GCTaskThread "GC Thread#5" [stack: 0x0000009fbb600000,0x0000009fbb700000] [id=30800]
  0x0000022f23cd5750 GCTaskThread "GC Thread#6" [stack: 0x0000009fbb700000,0x0000009fbb800000] [id=13720]
  0x0000022f23cd5e20 GCTaskThread "GC Thread#7" [stack: 0x0000009fbb800000,0x0000009fbb900000] [id=7856]
  0x0000022f23cd60e0 GCTaskThread "GC Thread#8" [stack: 0x0000009fbb900000,0x0000009fbba00000] [id=26252]
  0x0000022f23fdc0c0 GCTaskThread "GC Thread#9" [stack: 0x0000009fbba00000,0x0000009fbbb00000] [id=12828]
  0x0000022f05001ff0 ConcurrentGCThread "G1 Main Marker" [stack: 0x0000009fba000000,0x0000009fba100000] [id=3828]
  0x0000022f05004910 ConcurrentGCThread "G1 Conc#0" [stack: 0x0000009fba100000,0x0000009fba200000] [id=24260]
  0x0000022f23e0e580 ConcurrentGCThread "G1 Conc#1" [stack: 0x0000009fbbb00000,0x0000009fbbc00000] [id=21216]
  0x0000022f246ecd10 ConcurrentGCThread "G1 Conc#2" [stack: 0x0000009fbbc00000,0x0000009fbbd00000] [id=23488]
  0x0000022f1ec62c50 ConcurrentGCThread "G1 Refine#0" [stack: 0x0000009fba200000,0x0000009fba300000] [id=25616]
  0x0000022f1ec63490 ConcurrentGCThread "G1 Service" [stack: 0x0000009fba300000,0x0000009fba400000] [id=7188]

Threads with active compile tasks:
C2 CompilerThread0     3854 5501       4       java.util.HashMap::afterNodeRemoval (1 bytes)
C1 CompilerThread0     3854 5636   !   2       com.sun.tools.javac.jvm.ClassReader::readMethod (485 bytes)
C2 CompilerThread1     3855 5286   !   4       java.nio.file.FileTreeWalker::visit (204 bytes)

VM state: at safepoint (normal execution)

VM Mutex/Monitor currently owned by a thread:  ([mutex/lock_event])
[0x0000022f04f95ce0] Threads_lock - owner thread: 0x0000022f1ee0cbe0
[0x0000022f04f957d0] Heap_lock - owner thread: 0x0000022f04f9a870

Heap address: 0x000000008a400000, size: 1884 MB, Compressed Oops mode: 32-bit

CDS archive(s) not mapped
Compressed class space mapped at: 0x0000000100000000-0x0000000140000000, reserved size: 1073741824
Narrow klass base: 0x0000000000000000, Narrow klass shift: 3, Narrow klass range: 0x140000000

GC Precious Log:
 CPUs: 12 total, 12 available
 Memory: 7530M
 Large Page Support: Disabled
 NUMA Support: Disabled
 Compressed Oops: Enabled (32-bit)
 Heap Region Size: 1M
 Heap Min Capacity: 8M
 Heap Initial Capacity: 118M
 Heap Max Capacity: 1884M
 Pre-touch: Disabled
 Parallel Workers: 10
 Concurrent Workers: 3
 Concurrent Refinement Workers: 10
 Periodic GC: Disabled

Heap:
 garbage-first heap   total 73728K, used 39741K [0x000000008a400000, 0x0000000100000000)
  region size 1024K, 1 young (1024K), 1 survivors (1024K)
 Metaspace       used 35986K, committed 36288K, reserved 1114112K
  class space    used 3900K, committed 4032K, reserved 1048576K

Heap Regions: E=young(eden), S=young(survivor), O=old, HS=humongous(starts), HC=humongous(continues), CS=collection set, F=free, OA=open archive, CA=closed archive, TAMS=top-at-mark-start (previous, next)
|   0|0x000000008a400000, 0x000000008a500000, 0x000000008a500000|100%| O|  |TAMS 0x000000008a500000, 0x000000008a400000| Untracked 
|   1|0x000000008a500000, 0x000000008a600000, 0x000000008a600000|100%| O|  |TAMS 0x000000008a600000, 0x000000008a500000| Untracked 
|   2|0x000000008a600000, 0x000000008a700000, 0x000000008a700000|100%| O|  |TAMS 0x000000008a700000, 0x000000008a600000| Untracked 
|   3|0x000000008a700000, 0x000000008a800000, 0x000000008a800000|100%| O|  |TAMS 0x000000008a800000, 0x000000008a700000| Untracked 
|   4|0x000000008a800000, 0x000000008a900000, 0x000000008a900000|100%|HS|  |TAMS 0x000000008a900000, 0x000000008a800000| Complete 
|   5|0x000000008a900000, 0x000000008aa00000, 0x000000008aa00000|100%| O|  |TAMS 0x000000008aa00000, 0x000000008a900000| Untracked 
|   6|0x000000008aa00000, 0x000000008ab00000, 0x000000008ab00000|100%| O|  |TAMS 0x000000008ab00000, 0x000000008aa00000| Untracked 
|   7|0x000000008ab00000, 0x000000008ac00000, 0x000000008ac00000|100%| O|  |TAMS 0x000000008ac00000, 0x000000008ab00000| Untracked 
|   8|0x000000008ac00000, 0x000000008ad00000, 0x000000008ad00000|100%| O|  |TAMS 0x000000008ad00000, 0x000000008ac00000| Untracked 
|   9|0x000000008ad00000, 0x000000008ae00000, 0x000000008ae00000|100%| O|  |TAMS 0x000000008ae00000, 0x000000008ad00000| Untracked 
|  10|0x000000008ae00000, 0x000000008af00000, 0x000000008af00000|100%| O|  |TAMS 0x000000008af00000, 0x000000008ae00000| Untracked 
|  11|0x000000008af00000, 0x000000008b000000, 0x000000008b000000|100%| O|  |TAMS 0x000000008b000000, 0x000000008af00000| Untracked 
|  12|0x000000008b000000, 0x000000008b100000, 0x000000008b100000|100%| O|  |TAMS 0x000000008b100000, 0x000000008b000000| Untracked 
|  13|0x000000008b100000, 0x000000008b200000, 0x000000008b200000|100%| O|  |TAMS 0x000000008b200000, 0x000000008b100000| Untracked 
|  14|0x000000008b200000, 0x000000008b300000, 0x000000008b300000|100%| O|  |TAMS 0x000000008b300000, 0x000000008b200000| Untracked 
|  15|0x000000008b300000, 0x000000008b400000, 0x000000008b400000|100%| O|  |TAMS 0x000000008b300000, 0x000000008b300000| Untracked 
|  16|0x000000008b400000, 0x000000008b500000, 0x000000008b500000|100%| O|  |TAMS 0x000000008b500000, 0x000000008b400000| Untracked 
|  17|0x000000008b500000, 0x000000008b600000, 0x000000008b600000|100%| O|  |TAMS 0x000000008b600000, 0x000000008b500000| Untracked 
|  18|0x000000008b600000, 0x000000008b700000, 0x000000008b700000|100%| O|  |TAMS 0x000000008b700000, 0x000000008b600000| Untracked 
|  19|0x000000008b700000, 0x000000008b800000, 0x000000008b800000|100%| O|  |TAMS 0x000000008b800000, 0x000000008b700000| Untracked 
|  20|0x000000008b800000, 0x000000008b800000, 0x000000008b900000|  0%| F|  |TAMS 0x000000008b800000, 0x000000008b800000| Untracked 
|  21|0x000000008b900000, 0x000000008ba00000, 0x000000008ba00000|100%|HS|  |TAMS 0x000000008ba00000, 0x000000008b900000| Complete 
|  22|0x000000008ba00000, 0x000000008bb00000, 0x000000008bb00000|100%|HC|  |TAMS 0x000000008bb00000, 0x000000008ba00000| Complete 
|  23|0x000000008bb00000, 0x000000008bc00000, 0x000000008bc00000|100%| O|  |TAMS 0x000000008bc00000, 0x000000008bb00000| Untracked 
|  24|0x000000008bc00000, 0x000000008bd00000, 0x000000008bd00000|100%| O|  |TAMS 0x000000008bd00000, 0x000000008bc00000| Untracked 
|  25|0x000000008bd00000, 0x000000008be00000, 0x000000008be00000|100%| O|  |TAMS 0x000000008be00000, 0x000000008bd00000| Untracked 
|  26|0x000000008be00000, 0x000000008bf00000, 0x000000008bf00000|100%| O|  |TAMS 0x000000008bf00000, 0x000000008be00000| Untracked 
|  27|0x000000008bf00000, 0x000000008c000000, 0x000000008c000000|100%| O|  |TAMS 0x000000008bf00000, 0x000000008bf00000| Untracked 
|  28|0x000000008c000000, 0x000000008c100000, 0x000000008c100000|100%| O|  |TAMS 0x000000008c100000, 0x000000008c000000| Untracked 
|  29|0x000000008c100000, 0x000000008c200000, 0x000000008c200000|100%| O|  |TAMS 0x000000008c200000, 0x000000008c100000| Untracked 
|  30|0x000000008c200000, 0x000000008c300000, 0x000000008c300000|100%| O|  |TAMS 0x000000008c300000, 0x000000008c200000| Untracked 
|  31|0x000000008c300000, 0x000000008c400000, 0x000000008c400000|100%|HS|  |TAMS 0x000000008c400000, 0x000000008c300000| Complete 
|  32|0x000000008c400000, 0x000000008c500000, 0x000000008c500000|100%| O|  |TAMS 0x000000008c500000, 0x000000008c400000| Untracked 
|  33|0x000000008c500000, 0x000000008c600000, 0x000000008c600000|100%| O|  |TAMS 0x000000008c600000, 0x000000008c500000| Untracked 
|  34|0x000000008c600000, 0x000000008c700000, 0x000000008c700000|100%| O|  |TAMS 0x000000008c700000, 0x000000008c600000| Untracked 
|  35|0x000000008c700000, 0x000000008c800000, 0x000000008c800000|100%| O|  |TAMS 0x000000008c7e9200, 0x000000008c700000| Untracked 
|  36|0x000000008c800000, 0x000000008c900000, 0x000000008c900000|100%| O|  |TAMS 0x000000008c800000, 0x000000008c800000| Untracked 
|  37|0x000000008c900000, 0x000000008ca00000, 0x000000008ca00000|100%| O|  |TAMS 0x000000008c900000, 0x000000008c900000| Untracked 
|  38|0x000000008ca00000, 0x000000008cb00000, 0x000000008cb00000|100%| O|  |TAMS 0x000000008ca00000, 0x000000008ca00000| Untracked 
|  39|0x000000008cb00000, 0x000000008cb64a00, 0x000000008cc00000| 39%| O|  |TAMS 0x000000008cb00000, 0x000000008cb00000| Untracked 
|  40|0x000000008cc00000, 0x000000008cc00000, 0x000000008cd00000|  0%| F|  |TAMS 0x000000008cc00000, 0x000000008cc00000| Untracked 
|  41|0x000000008cd00000, 0x000000008cd00000, 0x000000008ce00000|  0%| F|  |TAMS 0x000000008cd00000, 0x000000008cd00000| Untracked 
|  42|0x000000008ce00000, 0x000000008ce00000, 0x000000008cf00000|  0%| F|  |TAMS 0x000000008ce00000, 0x000000008ce00000| Untracked 
|  43|0x000000008cf00000, 0x000000008cf00000, 0x000000008d000000|  0%| F|  |TAMS 0x000000008cf00000, 0x000000008cf00000| Untracked 
|  44|0x000000008d000000, 0x000000008d000000, 0x000000008d100000|  0%| F|  |TAMS 0x000000008d000000, 0x000000008d000000| Untracked 
|  45|0x000000008d100000, 0x000000008d100000, 0x000000008d200000|  0%| F|  |TAMS 0x000000008d100000, 0x000000008d100000| Untracked 
|  46|0x000000008d200000, 0x000000008d200000, 0x000000008d300000|  0%| F|  |TAMS 0x000000008d200000, 0x000000008d200000| Untracked 
|  47|0x000000008d300000, 0x000000008d300000, 0x000000008d400000|  0%| F|  |TAMS 0x000000008d300000, 0x000000008d300000| Untracked 
|  48|0x000000008d400000, 0x000000008d400000, 0x000000008d500000|  0%| F|  |TAMS 0x000000008d400000, 0x000000008d400000| Untracked 
|  49|0x000000008d500000, 0x000000008d500000, 0x000000008d600000|  0%| F|  |TAMS 0x000000008d500000, 0x000000008d500000| Untracked 
|  50|0x000000008d600000, 0x000000008d600000, 0x000000008d700000|  0%| F|  |TAMS 0x000000008d600000, 0x000000008d600000| Untracked 
|  51|0x000000008d700000, 0x000000008d700000, 0x000000008d800000|  0%| F|  |TAMS 0x000000008d700000, 0x000000008d700000| Untracked 
|  52|0x000000008d800000, 0x000000008d800000, 0x000000008d900000|  0%| F|  |TAMS 0x000000008d800000, 0x000000008d800000| Untracked 
|  53|0x000000008d900000, 0x000000008d900000, 0x000000008da00000|  0%| F|  |TAMS 0x000000008d900000, 0x000000008d900000| Untracked 
|  54|0x000000008da00000, 0x000000008da00000, 0x000000008db00000|  0%| F|  |TAMS 0x000000008da00000, 0x000000008da00000| Untracked 
|  55|0x000000008db00000, 0x000000008db00000, 0x000000008dc00000|  0%| F|  |TAMS 0x000000008db00000, 0x000000008db00000| Untracked 
|  56|0x000000008dc00000, 0x000000008dc00000, 0x000000008dd00000|  0%| F|  |TAMS 0x000000008dc00000, 0x000000008dc00000| Untracked 
|  57|0x000000008dd00000, 0x000000008dd00000, 0x000000008de00000|  0%| F|  |TAMS 0x000000008dd00000, 0x000000008dd00000| Untracked 
|  58|0x000000008de00000, 0x000000008de00000, 0x000000008df00000|  0%| F|  |TAMS 0x000000008de00000, 0x000000008de00000| Untracked 
|  59|0x000000008df00000, 0x000000008df00000, 0x000000008e000000|  0%| F|  |TAMS 0x000000008df00000, 0x000000008df00000| Untracked 
|  60|0x000000008e000000, 0x000000008e000000, 0x000000008e100000|  0%| F|  |TAMS 0x000000008e000000, 0x000000008e000000| Untracked 
|  61|0x000000008e100000, 0x000000008e100000, 0x000000008e200000|  0%| F|  |TAMS 0x000000008e100000, 0x000000008e100000| Untracked 
|  62|0x000000008e200000, 0x000000008e200000, 0x000000008e300000|  0%| F|  |TAMS 0x000000008e200000, 0x000000008e200000| Untracked 
|  63|0x000000008e300000, 0x000000008e300000, 0x000000008e400000|  0%| F|  |TAMS 0x000000008e300000, 0x000000008e300000| Untracked 
|  64|0x000000008e400000, 0x000000008e400000, 0x000000008e500000|  0%| F|  |TAMS 0x000000008e400000, 0x000000008e400000| Untracked 
|  65|0x000000008e500000, 0x000000008e500000, 0x000000008e600000|  0%| F|  |TAMS 0x000000008e500000, 0x000000008e500000| Untracked 
|  66|0x000000008e600000, 0x000000008e600000, 0x000000008e700000|  0%| F|  |TAMS 0x000000008e600000, 0x000000008e600000| Untracked 
|  67|0x000000008e700000, 0x000000008e700000, 0x000000008e800000|  0%| F|  |TAMS 0x000000008e700000, 0x000000008e700000| Untracked 
| 106|0x0000000090e00000, 0x0000000090e00000, 0x0000000090f00000|  0%| F|  |TAMS 0x0000000090e00000, 0x0000000090e00000| Untracked 
| 107|0x0000000090f00000, 0x0000000090f00000, 0x0000000091000000|  0%| F|  |TAMS 0x0000000090f00000, 0x0000000090f00000| Untracked 
| 108|0x0000000091000000, 0x000000009106ac38, 0x0000000091100000| 41%| S|CS|TAMS 0x0000000091000000, 0x0000000091000000| Complete 
| 117|0x0000000091900000, 0x0000000091900000, 0x0000000091a00000|  0%| F|  |TAMS 0x0000000091900000, 0x0000000091900000| Untracked 

Card table byte_map: [0x0000022f17f60000,0x0000022f18310000] _byte_map_base: 0x0000022f17b0e000

Marking Bits (Prev, Next): (CMBitMap*) 0x0000022f04ff2b80, (CMBitMap*) 0x0000022f04ff2b40
 Prev Bits: [0x0000022f1a430000, 0x0000022f1c1a0000)
 Next Bits: [0x0000022f186c0000, 0x0000022f1a430000)

Polling page: 0x0000022f02f40000

Metaspace:

Usage:
  Non-class:     31.33 MB used.
      Class:      3.81 MB used.
       Both:     35.14 MB used.

Virtual space:
  Non-class space:       64.00 MB reserved,      31.50 MB ( 49%) committed,  1 nodes.
      Class space:        1.00 GB reserved,       3.94 MB ( <1%) committed,  1 nodes.
             Both:        1.06 GB reserved,      35.44 MB (  3%) committed. 

Chunk freelists:
   Non-Class:  176.00 KB
       Class:  12.03 MB
        Both:  12.20 MB

MaxMetaspaceSize: unlimited
CompressedClassSpaceSize: 1.00 GB
Initial GC threshold: 21.00 MB
Current GC threshold: 58.56 MB
CDS: off
MetaspaceReclaimPolicy: balanced
 - commit_granule_bytes: 65536.
 - commit_granule_words: 8192.
 - virtual_space_node_default_size: 8388608.
 - enlarge_chunks_in_place: 1.
 - new_chunks_are_fully_committed: 0.
 - uncommit_free_chunks: 1.
 - use_allocation_guard: 0.
 - handle_deallocations: 1.


Internal statistics:

num_allocs_failed_limit: 3.
num_arena_births: 166.
num_arena_deaths: 0.
num_vsnodes_births: 2.
num_vsnodes_deaths: 0.
num_space_committed: 567.
num_space_uncommitted: 0.
num_chunks_returned_to_freelist: 3.
num_chunks_taken_from_freelist: 1093.
num_chunk_merges: 0.
num_chunk_splits: 752.
num_chunks_enlarged: 603.
num_inconsistent_stats: 0.

CodeHeap 'non-profiled nmethods': size=120000Kb used=2817Kb max_used=2817Kb free=117182Kb
 bounds [0x0000022f10130000, 0x0000022f10400000, 0x0000022f17660000]
CodeHeap 'profiled nmethods': size=120000Kb used=11400Kb max_used=11400Kb free=108599Kb
 bounds [0x0000022f08660000, 0x0000022f09190000, 0x0000022f0fb90000]
CodeHeap 'non-nmethods': size=5760Kb used=1219Kb max_used=1253Kb free=4540Kb
 bounds [0x0000022f0fb90000, 0x0000022f0fe00000, 0x0000022f10130000]
 total_blobs=6124 nmethods=5609 adapters=425
 compilation: enabled
              stopped_count=0, restarted_count=0
 full_count=0

Compilation events (20 events):
Event: 3.827 Thread 0x0000022f23022370 nmethod 5631 0x0000022f09177f10 code [0x0000022f091784a0, 0x0000022f0917b688]
Event: 3.827 Thread 0x0000022f23022370 5634 % !   3       com.sun.tools.javac.jvm.ClassReader::classSigToType @ 61 (497 bytes)
Event: 3.827 Thread 0x0000022f23021120 nmethod 5289 0x0000022f103efb90 code [0x0000022f103efd00, 0x0000022f103f0058]
Event: 3.827 Thread 0x0000022f23021120 5287   !   4       java.nio.file.FileTreeWalker::getAttributes (94 bytes)
Event: 3.828 Thread 0x0000022f23022370 nmethod 5634% 0x0000022f0917c590 code [0x0000022f0917c900, 0x0000022f0917def8]
Event: 3.828 Thread 0x0000022f23022370 5639   !   3       java.nio.file.FileTreeWalker::next (144 bytes)
Event: 3.828 Thread 0x0000022f23022370 nmethod 5639 0x0000022f0917ea10 code [0x0000022f0917ecc0, 0x0000022f0917fac8]
Event: 3.828 Thread 0x0000022f23022370 5637       2       com.sun.tools.javac.file.PathFileObject$JarFileObject::inferBinaryName (40 bytes)
Event: 3.829 Thread 0x0000022f23022370 nmethod 5637 0x0000022f09180010 code [0x0000022f09180240, 0x0000022f091805c8]
Event: 3.829 Thread 0x0000022f23022370 5638       2       com.sun.tools.javac.file.PathFileObject::toBinaryName (19 bytes)
Event: 3.829 Thread 0x0000022f23022370 nmethod 5638 0x0000022f09180890 code [0x0000022f09180a80, 0x0000022f09180cd8]
Event: 3.829 Thread 0x0000022f23022370 5632       2       com.sun.tools.javac.code.Scope$ScopeImpl::<init> (12 bytes)
Event: 3.829 Thread 0x0000022f23022370 nmethod 5632 0x0000022f09180f10 code [0x0000022f091810c0, 0x0000022f09181288]
Event: 3.829 Thread 0x0000022f23022370 5633       2       com.sun.tools.javac.comp.Resolve::checkRestrictedType (124 bytes)
Event: 3.829 Thread 0x0000022f23022370 nmethod 5633 0x0000022f09181390 code [0x0000022f091815a0, 0x0000022f091819b8]
Event: 3.829 Thread 0x0000022f23022370 5635       2       com.sun.tools.javac.util.Assert::checkNull (8 bytes)
Event: 3.829 Thread 0x0000022f23022370 nmethod 5635 0x0000022f09181d10 code [0x0000022f09181ec0, 0x0000022f09182068]
Event: 3.829 Thread 0x0000022f23022370 5636   !   2       com.sun.tools.javac.jvm.ClassReader::readMethod (485 bytes)
Event: 3.830 Thread 0x0000022f23021120 nmethod 5287 0x0000022f103f0110 code [0x0000022f103f02c0, 0x0000022f103f0538]
Event: 3.830 Thread 0x0000022f23021120 5501       4       java.util.HashMap::afterNodeRemoval (1 bytes)

GC Heap History (20 events):
Event: 3.140 GC heap after
{Heap after GC invocations=14 (full 0):
 garbage-first heap   total 45056K, used 22040K [0x000000008a400000, 0x0000000100000000)
  region size 1024K, 1 young (1024K), 1 survivors (1024K)
 Metaspace       used 29773K, committed 30016K, reserved 1114112K
  class space    used 3169K, committed 3264K, reserved 1048576K
}
Event: 3.236 GC heap before
{Heap before GC invocations=15 (full 0):
 garbage-first heap   total 46080K, used 31256K [0x000000008a400000, 0x0000000100000000)
  region size 1024K, 9 young (9216K), 1 survivors (1024K)
 Metaspace       used 31008K, committed 31360K, reserved 1114112K
  class space    used 3350K, committed 3520K, reserved 1048576K
}
Event: 3.241 GC heap after
{Heap after GC invocations=16 (full 0):
 garbage-first heap   total 46080K, used 27674K [0x000000008a400000, 0x0000000100000000)
  region size 1024K, 2 young (2048K), 2 survivors (2048K)
 Metaspace       used 31008K, committed 31360K, reserved 1114112K
  class space    used 3350K, committed 3520K, reserved 1048576K
}
Event: 3.291 GC heap before
{Heap before GC invocations=16 (full 0):
 garbage-first heap   total 46080K, used 31770K [0x000000008a400000, 0x0000000100000000)
  region size 1024K, 7 young (7168K), 2 survivors (2048K)
 Metaspace       used 32258K, committed 32576K, reserved 1114112K
  class space    used 3505K, committed 3648K, reserved 1048576K
}
Event: 3.294 GC heap after
{Heap after GC invocations=17 (full 0):
 garbage-first heap   total 46080K, used 28133K [0x000000008a400000, 0x0000000100000000)
  region size 1024K, 1 young (1024K), 1 survivors (1024K)
 Metaspace       used 32258K, committed 32576K, reserved 1114112K
  class space    used 3505K, committed 3648K, reserved 1048576K
}
Event: 3.343 GC heap before
{Heap before GC invocations=18 (full 0):
 garbage-first heap   total 51200K, used 32229K [0x000000008a400000, 0x0000000100000000)
  region size 1024K, 6 young (6144K), 1 survivors (1024K)
 Metaspace       used 33377K, committed 33728K, reserved 1114112K
  class space    used 3616K, committed 3776K, reserved 1048576K
}
Event: 3.344 GC heap after
{Heap after GC invocations=19 (full 0):
 garbage-first heap   total 51200K, used 28439K [0x000000008a400000, 0x0000000100000000)
  region size 1024K, 1 young (1024K), 1 survivors (1024K)
 Metaspace       used 33377K, committed 33728K, reserved 1114112K
  class space    used 3616K, committed 3776K, reserved 1048576K
}
Event: 3.356 GC heap before
{Heap before GC invocations=19 (full 0):
 garbage-first heap   total 51200K, used 29463K [0x000000008a400000, 0x0000000100000000)
  region size 1024K, 2 young (2048K), 1 survivors (1024K)
 Metaspace       used 33657K, committed 33984K, reserved 1114112K
  class space    used 3645K, committed 3840K, reserved 1048576K
}
Event: 3.357 GC heap after
{Heap after GC invocations=20 (full 0):
 garbage-first heap   total 65536K, used 28256K [0x000000008a400000, 0x0000000100000000)
  region size 1024K, 1 young (1024K), 1 survivors (1024K)
 Metaspace       used 33657K, committed 33984K, reserved 1114112K
  class space    used 3645K, committed 3840K, reserved 1048576K
}
Event: 3.535 GC heap before
{Heap before GC invocations=20 (full 0):
 garbage-first heap   total 65536K, used 40544K [0x000000008a400000, 0x0000000100000000)
  region size 1024K, 14 young (14336K), 1 survivors (1024K)
 Metaspace       used 35362K, committed 35712K, reserved 1114112K
  class space    used 3832K, committed 3968K, reserved 1048576K
}
Event: 3.539 GC heap after
{Heap after GC invocations=21 (full 0):
 garbage-first heap   total 65536K, used 33293K [0x000000008a400000, 0x0000000100000000)
  region size 1024K, 2 young (2048K), 2 survivors (2048K)
 Metaspace       used 35362K, committed 35712K, reserved 1114112K
  class space    used 3832K, committed 3968K, reserved 1048576K
}
Event: 3.625 GC heap before
{Heap before GC invocations=22 (full 0):
 garbage-first heap   total 65536K, used 45581K [0x000000008a400000, 0x0000000100000000)
  region size 1024K, 15 young (15360K), 2 survivors (2048K)
 Metaspace       used 35391K, committed 35712K, reserved 1114112K
  class space    used 3833K, committed 3968K, reserved 1048576K
}
Event: 3.629 GC heap after
{Heap after GC invocations=23 (full 0):
 garbage-first heap   total 65536K, used 36186K [0x000000008a400000, 0x0000000100000000)
  region size 1024K, 2 young (2048K), 2 survivors (2048K)
 Metaspace       used 35391K, committed 35712K, reserved 1114112K
  class space    used 3833K, committed 3968K, reserved 1048576K
}
Event: 3.636 GC heap before
{Heap before GC invocations=23 (full 0):
 garbage-first heap   total 65536K, used 37210K [0x000000008a400000, 0x0000000100000000)
  region size 1024K, 3 young (3072K), 2 survivors (2048K)
 Metaspace       used 35391K, committed 35712K, reserved 1114112K
  class space    used 3833K, committed 3968K, reserved 1048576K
}
Event: 3.639 GC heap after
{Heap after GC invocations=24 (full 0):
 garbage-first heap   total 65536K, used 35103K [0x000000008a400000, 0x0000000100000000)
  region size 1024K, 1 young (1024K), 1 survivors (1024K)
 Metaspace       used 35391K, committed 35712K, reserved 1114112K
  class space    used 3833K, committed 3968K, reserved 1048576K
}
Event: 3.732 GC heap before
{Heap before GC invocations=24 (full 0):
 garbage-first heap   total 65536K, used 46367K [0x000000008a400000, 0x0000000100000000)
  region size 1024K, 12 young (12288K), 1 survivors (1024K)
 Metaspace       used 35629K, committed 35904K, reserved 1114112K
  class space    used 3860K, committed 3968K, reserved 1048576K
}
Event: 3.735 GC heap after
{Heap after GC invocations=25 (full 0):
 garbage-first heap   total 65536K, used 38090K [0x000000008a400000, 0x0000000100000000)
  region size 1024K, 2 young (2048K), 2 survivors (2048K)
 Metaspace       used 35629K, committed 35904K, reserved 1114112K
  class space    used 3860K, committed 3968K, reserved 1048576K
}
Event: 3.812 GC heap before
{Heap before GC invocations=26 (full 0):
 garbage-first heap   total 73728K, used 47306K [0x000000008a400000, 0x0000000100000000)
  region size 1024K, 12 young (12288K), 2 survivors (2048K)
 Metaspace       used 35946K, committed 36224K, reserved 1114112K
  class space    used 3897K, committed 4032K, reserved 1048576K
}
Event: 3.816 GC heap after
{Heap after GC invocations=27 (full 0):
 garbage-first heap   total 73728K, used 39968K [0x000000008a400000, 0x0000000100000000)
  region size 1024K, 2 young (2048K), 2 survivors (2048K)
 Metaspace       used 35946K, committed 36224K, reserved 1114112K
  class space    used 3897K, committed 4032K, reserved 1048576K
}
Event: 3.830 GC heap before
{Heap before GC invocations=27 (full 0):
 garbage-first heap   total 73728K, used 40992K [0x000000008a400000, 0x0000000100000000)
  region size 1024K, 3 young (3072K), 2 survivors (2048K)
 Metaspace       used 35986K, committed 36288K, reserved 1114112K
  class space    used 3900K, committed 4032K, reserved 1048576K
}

Dll operation events (7 events):
Event: 0.006 Loaded shared library C:\Users\nandy\.p2\pool\plugins\org.eclipse.justj.openjdk.hotspot.jre.full.win32.x86_64_17.0.8.v20230831-1047\jre\bin\java.dll
Event: 0.101 Loaded shared library C:\Users\nandy\.p2\pool\plugins\org.eclipse.justj.openjdk.hotspot.jre.full.win32.x86_64_17.0.8.v20230831-1047\jre\bin\net.dll
Event: 0.102 Loaded shared library C:\Users\nandy\.p2\pool\plugins\org.eclipse.justj.openjdk.hotspot.jre.full.win32.x86_64_17.0.8.v20230831-1047\jre\bin\nio.dll
Event: 0.108 Loaded shared library C:\Users\nandy\.p2\pool\plugins\org.eclipse.justj.openjdk.hotspot.jre.full.win32.x86_64_17.0.8.v20230831-1047\jre\bin\zip.dll
Event: 0.211 Loaded shared library C:\Users\nandy\.p2\pool\plugins\org.eclipse.justj.openjdk.hotspot.jre.full.win32.x86_64_17.0.8.v20230831-1047\jre\bin\jimage.dll
Event: 0.245 Loaded shared library C:\Users\nandy\AppData\Local\Temp\jansi-2.4.0-99da5aff298d6628-jansi.dll
Event: 0.396 Loaded shared library C:\Users\nandy\.p2\pool\plugins\org.eclipse.justj.openjdk.hotspot.jre.full.win32.x86_64_17.0.8.v20230831-1047\jre\bin\verify.dll

Deoptimization events (20 events):
Event: 3.699 Thread 0x0000022f04f9a870 Uncommon trap: trap_request=0xffffff45 fr.pc=0x0000022f103d4030 relative=0x0000000000001950
Event: 3.699 Thread 0x0000022f04f9a870 Uncommon trap: reason=unstable_if action=reinterpret pc=0x0000022f103d4030 method=java.time.chrono.IsoChronology.isLeapYear(J)Z @ 7 c2
Event: 3.699 Thread 0x0000022f04f9a870 DEOPT PACKING pc=0x0000022f103d4030 sp=0x0000009fb9efc050
Event: 3.699 Thread 0x0000022f04f9a870 DEOPT UNPACKING pc=0x0000022f0fbe69a3 sp=0x0000009fb9efbd28 mode 2
Event: 3.708 Thread 0x0000022f04f9a870 DEOPT PACKING pc=0x0000022f08973524 sp=0x0000009fb9efc790
Event: 3.708 Thread 0x0000022f04f9a870 DEOPT UNPACKING pc=0x0000022f0fbe7143 sp=0x0000009fb9efbc80 mode 0
Event: 3.744 Thread 0x0000022f04f9a870 DEOPT PACKING pc=0x0000022f0910a510 sp=0x0000009fb9efbb30
Event: 3.744 Thread 0x0000022f04f9a870 DEOPT UNPACKING pc=0x0000022f0fbe7143 sp=0x0000009fb9efb040 mode 0
Event: 3.769 Thread 0x0000022f04f9a870 Uncommon trap: trap_request=0xffffff45 fr.pc=0x0000022f103dbaf0 relative=0x00000000000007b0
Event: 3.769 Thread 0x0000022f04f9a870 Uncommon trap: reason=unstable_if action=reinterpret pc=0x0000022f103dbaf0 method=jdk.internal.jimage.ImageStringsReader.stringFromByteBuffer(Ljava/nio/ByteBuffer;I)Ljava/lang/String; @ 7 c2
Event: 3.769 Thread 0x0000022f04f9a870 DEOPT PACKING pc=0x0000022f103dbaf0 sp=0x0000009fb9efbc30
Event: 3.769 Thread 0x0000022f04f9a870 DEOPT UNPACKING pc=0x0000022f0fbe69a3 sp=0x0000009fb9efbbe8 mode 2
Event: 3.784 Thread 0x0000022f04f9a870 Uncommon trap: trap_request=0xffffff45 fr.pc=0x0000022f103b5ce0 relative=0x0000000000000060
Event: 3.784 Thread 0x0000022f04f9a870 Uncommon trap: reason=unstable_if action=reinterpret pc=0x0000022f103b5ce0 method=com.sun.tools.javac.jvm.PoolReader.sizeof(I)I @ 1 c2
Event: 3.784 Thread 0x0000022f04f9a870 DEOPT PACKING pc=0x0000022f103b5ce0 sp=0x0000009fb9efb5e0
Event: 3.784 Thread 0x0000022f04f9a870 DEOPT UNPACKING pc=0x0000022f0fbe69a3 sp=0x0000009fb9efb570 mode 2
Event: 3.823 Thread 0x0000022f04f9a870 Uncommon trap: trap_request=0xffffff45 fr.pc=0x0000022f103e3848 relative=0x0000000000003f28
Event: 3.823 Thread 0x0000022f04f9a870 Uncommon trap: reason=unstable_if action=reinterpret pc=0x0000022f103e3848 method=java.nio.file.FileTreeWalker.visit(Ljava/nio/file/Path;ZZ)Ljava/nio/file/FileTreeWalker$Event; @ 53 c2
Event: 3.823 Thread 0x0000022f04f9a870 DEOPT PACKING pc=0x0000022f103e3848 sp=0x0000009fb9efc430
Event: 3.823 Thread 0x0000022f04f9a870 DEOPT UNPACKING pc=0x0000022f0fbe69a3 sp=0x0000009fb9efc440 mode 2

Classes unloaded (0 events):
No events

Classes redefined (0 events):
No events

Internal exceptions (20 events):
Event: 3.827 Thread 0x0000022f04f9a870 Exception <a 'sun/nio/fs/WindowsException'{0x00000000919a38d0}> (0x00000000919a38d0) 
thrown [s\src\hotspot\share\prims\jni.cpp, line 516]
Event: 3.827 Thread 0x0000022f04f9a870 Exception <a 'sun/nio/fs/WindowsException'{0x00000000919a3b70}> (0x00000000919a3b70) 
thrown [s\src\hotspot\share\prims\jni.cpp, line 516]
Event: 3.827 Thread 0x0000022f04f9a870 Exception <a 'sun/nio/fs/WindowsException'{0x00000000919a5208}> (0x00000000919a5208) 
thrown [s\src\hotspot\share\prims\jni.cpp, line 516]
Event: 3.827 Thread 0x0000022f04f9a870 Exception <a 'sun/nio/fs/WindowsException'{0x00000000919a5538}> (0x00000000919a5538) 
thrown [s\src\hotspot\share\prims\jni.cpp, line 516]
Event: 3.827 Thread 0x0000022f04f9a870 Exception <a 'sun/nio/fs/WindowsException'{0x00000000919a7348}> (0x00000000919a7348) 
thrown [s\src\hotspot\share\prims\jni.cpp, line 516]
Event: 3.827 Thread 0x0000022f04f9a870 Exception <a 'sun/nio/fs/WindowsException'{0x00000000919a7618}> (0x00000000919a7618) 
thrown [s\src\hotspot\share\prims\jni.cpp, line 516]
Event: 3.827 Thread 0x0000022f04f9a870 Exception <a 'sun/nio/fs/WindowsException'{0x00000000919aef38}> (0x00000000919aef38) 
thrown [s\src\hotspot\share\prims\jni.cpp, line 516]
Event: 3.827 Thread 0x0000022f04f9a870 Exception <a 'sun/nio/fs/WindowsException'{0x00000000919af400}> (0x00000000919af400) 
thrown [s\src\hotspot\share\prims\jni.cpp, line 516]
Event: 3.827 Thread 0x0000022f04f9a870 Exception <a 'sun/nio/fs/WindowsException'{0x00000000919bec28}> (0x00000000919bec28) 
thrown [s\src\hotspot\share\prims\jni.cpp, line 516]
Event: 3.827 Thread 0x0000022f04f9a870 Exception <a 'sun/nio/fs/WindowsException'{0x00000000919beef0}> (0x00000000919beef0) 
thrown [s\src\hotspot\share\prims\jni.cpp, line 516]
Event: 3.827 Thread 0x0000022f04f9a870 Exception <a 'sun/nio/fs/WindowsException'{0x00000000919c0368}> (0x00000000919c0368) 
thrown [s\src\hotspot\share\prims\jni.cpp, line 516]
Event: 3.827 Thread 0x0000022f04f9a870 Exception <a 'sun/nio/fs/WindowsException'{0x00000000919c06b8}> (0x00000000919c06b8) 
thrown [s\src\hotspot\share\prims\jni.cpp, line 516]
Event: 3.828 Thread 0x0000022f04f9a870 Exception <a 'sun/nio/fs/WindowsException'{0x00000000919c25c8}> (0x00000000919c25c8) 
thrown [s\src\hotspot\share\prims\jni.cpp, line 516]
Event: 3.828 Thread 0x0000022f04f9a870 Exception <a 'sun/nio/fs/WindowsException'{0x00000000919c28d8}> (0x00000000919c28d8) 
thrown [s\src\hotspot\share\prims\jni.cpp, line 516]
Event: 3.828 Thread 0x0000022f04f9a870 Exception <a 'sun/nio/fs/WindowsException'{0x00000000919cc478}> (0x00000000919cc478) 
thrown [s\src\hotspot\share\prims\jni.cpp, line 516]
Event: 3.828 Thread 0x0000022f04f9a870 Exception <a 'sun/nio/fs/WindowsException'{0x00000000919cc738}> (0x00000000919cc738) 
thrown [s\src\hotspot\share\prims\jni.cpp, line 516]
Event: 3.828 Thread 0x0000022f04f9a870 Exception <a 'sun/nio/fs/WindowsException'{0x00000000919e0c60}> (0x00000000919e0c60) 
thrown [s\src\hotspot\share\prims\jni.cpp, line 516]
Event: 3.828 Thread 0x0000022f04f9a870 Exception <a 'sun/nio/fs/WindowsException'{0x00000000919e0f60}> (0x00000000919e0f60) 
thrown [s\src\hotspot\share\prims\jni.cpp, line 516]
Event: 3.828 Thread 0x0000022f04f9a870 Exception <a 'sun/nio/fs/WindowsException'{0x00000000919e2650}> (0x00000000919e2650) 
thrown [s\src\hotspot\share\prims\jni.cpp, line 516]
Event: 3.828 Thread 0x0000022f04f9a870 Exception <a 'sun/nio/fs/WindowsException'{0x00000000919e29e0}> (0x00000000919e29e0) 
thrown [s\src\hotspot\share\prims\jni.cpp, line 516]

VM Operations (20 events):
Event: 3.561 Executing VM operation: G1PauseCleanup done
Event: 3.625 Executing VM operation: G1CollectForAllocation
Event: 3.629 Executing VM operation: G1CollectForAllocation done
Event: 3.636 Executing VM operation: G1CollectForAllocation
Event: 3.639 Executing VM operation: G1CollectForAllocation done
Event: 3.708 Executing VM operation: HandshakeAllThreads
Event: 3.708 Executing VM operation: HandshakeAllThreads done
Event: 3.708 Executing VM operation: HandshakeAllThreads
Event: 3.708 Executing VM operation: HandshakeAllThreads done
Event: 3.732 Executing VM operation: G1CollectForAllocation
Event: 3.735 Executing VM operation: G1CollectForAllocation done
Event: 3.750 Executing VM operation: G1PauseRemark
Event: 3.754 Executing VM operation: G1PauseRemark done
Event: 3.761 Executing VM operation: G1PauseCleanup
Event: 3.761 Executing VM operation: G1PauseCleanup done
Event: 3.770 Executing VM operation: HandshakeAllThreads
Event: 3.770 Executing VM operation: HandshakeAllThreads done
Event: 3.812 Executing VM operation: G1CollectForAllocation
Event: 3.816 Executing VM operation: G1CollectForAllocation done
Event: 3.830 Executing VM operation: G1CollectForAllocation

Events (20 events):
Event: 3.707 loading class java/util/stream/SpinedBuffer done
Event: 3.707 loading class java/util/stream/Nodes$SpinedNodeBuilder done
Event: 3.708 loading class sun/nio/fs/WindowsPath$WindowsPathWithAttributes
Event: 3.708 loading class sun/nio/fs/WindowsPath$WindowsPathWithAttributes done
Event: 3.720 loading class jdk/internal/jrtfs/JrtDirectoryStream
Event: 3.720 loading class jdk/internal/jrtfs/JrtDirectoryStream done
Event: 3.721 loading class java/util/stream/StreamSpliterators$WrappingSpliterator
Event: 3.721 loading class java/util/stream/StreamSpliterators$AbstractWrappingSpliterator
Event: 3.721 loading class java/util/stream/StreamSpliterators$AbstractWrappingSpliterator done
Event: 3.721 loading class java/util/stream/StreamSpliterators$WrappingSpliterator done
Event: 3.721 loading class jdk/internal/jrtfs/JrtDirectoryStream$1
Event: 3.721 loading class jdk/internal/jrtfs/JrtDirectoryStream$1 done
Event: 3.722 loading class java/util/stream/StreamSpliterators
Event: 3.722 loading class java/util/stream/StreamSpliterators done
Event: 3.722 loading class java/util/function/BooleanSupplier
Event: 3.722 loading class java/util/function/BooleanSupplier done
Event: 3.738 loading class java/nio/file/FileTreeWalker$1
Event: 3.738 loading class java/nio/file/FileTreeWalker$1 done
Event: 3.769 loading class jdk/internal/jimage/ImageReader$LinkNode
Event: 3.769 loading class jdk/internal/jimage/ImageReader$LinkNode done


Dynamic libraries:
0x00007ff7fd370000 - 0x00007ff7fd37e000 	C:\Users\nandy\.p2\pool\plugins\org.eclipse.justj.openjdk.hotspot.jre.full.win32.x86_64_17.0.8.v20230831-1047\jre\bin\javaw.exe
0x00007ffa5a400000 - 0x00007ffa5a609000 	C:\windows\SYSTEM32\ntdll.dll
0x00007ffa59d10000 - 0x00007ffa59dcd000 	C:\windows\System32\KERNEL32.DLL
0x00007ffa57d60000 - 0x00007ffa580e4000 	C:\windows\System32\KERNELBASE.dll
0x00007ffa57bd0000 - 0x00007ffa57ce1000 	C:\windows\System32\ucrtbase.dll
0x00007ffa41670000 - 0x00007ffa41687000 	C:\Users\nandy\.p2\pool\plugins\org.eclipse.justj.openjdk.hotspot.jre.full.win32.x86_64_17.0.8.v20230831-1047\jre\bin\jli.dll
0x00007ffa40660000 - 0x00007ffa40679000 	C:\Users\nandy\.p2\pool\plugins\org.eclipse.justj.openjdk.hotspot.jre.full.win32.x86_64_17.0.8.v20230831-1047\jre\bin\VCRUNTIME140.dll
0x00007ffa59b60000 - 0x00007ffa59d0d000 	C:\windows\System32\USER32.dll
0x00007ffa57b20000 - 0x00007ffa57b46000 	C:\windows\System32\win32u.dll
0x00007ffa5a190000 - 0x00007ffa5a1ba000 	C:\windows\System32\GDI32.dll
0x00007ffa3d710000 - 0x00007ffa3d9b5000 	C:\windows\WinSxS\amd64_microsoft.windows.common-controls_6595b64144ccf1df_6.0.22000.120_none_9d947278b86cc467\COMCTL32.dll
0x00007ffa57890000 - 0x00007ffa579ae000 	C:\windows\System32\gdi32full.dll
0x00007ffa5a0e0000 - 0x00007ffa5a183000 	C:\windows\System32\msvcrt.dll
0x00007ffa580f0000 - 0x00007ffa5818d000 	C:\windows\System32\msvcp_win.dll
0x00007ffa59ff0000 - 0x00007ffa5a021000 	C:\windows\System32\IMM32.DLL
0x00007ffa44ec0000 - 0x00007ffa44ecc000 	C:\Users\nandy\.p2\pool\plugins\org.eclipse.justj.openjdk.hotspot.jre.full.win32.x86_64_17.0.8.v20230831-1047\jre\bin\vcruntime140_1.dll
0x00007ffa1efb0000 - 0x00007ffa1f041000 	C:\Users\nandy\.p2\pool\plugins\org.eclipse.justj.openjdk.hotspot.jre.full.win32.x86_64_17.0.8.v20230831-1047\jre\bin\msvcp140.dll
0x00007ff9c1050000 - 0x00007ff9c1c9c000 	C:\Users\nandy\.p2\pool\plugins\org.eclipse.justj.openjdk.hotspot.jre.full.win32.x86_64_17.0.8.v20230831-1047\jre\bin\server\jvm.dll
0x00007ffa59e60000 - 0x00007ffa59f0e000 	C:\windows\System32\ADVAPI32.dll
0x00007ffa5a230000 - 0x00007ffa5a2ce000 	C:\windows\System32\sechost.dll
0x00007ffa587f0000 - 0x00007ffa58911000 	C:\windows\System32\RPCRT4.dll
0x00007ffa575c0000 - 0x00007ffa5760d000 	C:\windows\SYSTEM32\POWRPROF.dll
0x00007ffa4f2a0000 - 0x00007ffa4f2aa000 	C:\windows\SYSTEM32\VERSION.dll
0x00007ffa51b00000 - 0x00007ffa51b33000 	C:\windows\SYSTEM32\WINMM.dll
0x00007ffa524e0000 - 0x00007ffa524e9000 	C:\windows\SYSTEM32\WSOCK32.dll
0x00007ffa5a1c0000 - 0x00007ffa5a22f000 	C:\windows\System32\WS2_32.dll
0x00007ffa575a0000 - 0x00007ffa575b3000 	C:\windows\SYSTEM32\UMPDC.dll
0x00007ffa568c0000 - 0x00007ffa568d8000 	C:\windows\SYSTEM32\kernel.appcore.dll
0x00007ffa42ad0000 - 0x00007ffa42ada000 	C:\Users\nandy\.p2\pool\plugins\org.eclipse.justj.openjdk.hotspot.jre.full.win32.x86_64_17.0.8.v20230831-1047\jre\bin\jimage.dll
0x00007ffa43700000 - 0x00007ffa43921000 	C:\windows\SYSTEM32\DBGHELP.DLL
0x00007ffa3c680000 - 0x00007ffa3c6b1000 	C:\windows\SYSTEM32\dbgcore.DLL
0x00007ffa57b50000 - 0x00007ffa57bcf000 	C:\windows\System32\bcryptPrimitives.dll
0x00007ffa36ac0000 - 0x00007ffa36ae5000 	C:\Users\nandy\.p2\pool\plugins\org.eclipse.justj.openjdk.hotspot.jre.full.win32.x86_64_17.0.8.v20230831-1047\jre\bin\java.dll
0x00007ffa40550000 - 0x00007ffa40568000 	C:\Users\nandy\.p2\pool\plugins\org.eclipse.justj.openjdk.hotspot.jre.full.win32.x86_64_17.0.8.v20230831-1047\jre\bin\zip.dll
0x00007ffa58e90000 - 0x00007ffa59655000 	C:\windows\System32\SHELL32.dll
0x00007ffa55920000 - 0x00007ffa56182000 	C:\windows\SYSTEM32\windows.storage.dll
0x00007ffa58250000 - 0x00007ffa585c6000 	C:\windows\System32\combase.dll
0x00007ffa557b0000 - 0x00007ffa55917000 	C:\windows\SYSTEM32\wintypes.dll
0x00007ffa58bc0000 - 0x00007ffa58caa000 	C:\windows\System32\SHCORE.dll
0x00007ffa589a0000 - 0x00007ffa589fd000 	C:\windows\System32\shlwapi.dll
0x00007ffa577c0000 - 0x00007ffa577e5000 	C:\windows\SYSTEM32\profapi.dll
0x00007ffa30450000 - 0x00007ffa30469000 	C:\Users\nandy\.p2\pool\plugins\org.eclipse.justj.openjdk.hotspot.jre.full.win32.x86_64_17.0.8.v20230831-1047\jre\bin\net.dll
0x00007ffa51280000 - 0x00007ffa51394000 	C:\windows\SYSTEM32\WINHTTP.dll
0x00007ffa56d70000 - 0x00007ffa56dd7000 	C:\windows\system32\mswsock.dll
0x00007ffa2cfd0000 - 0x00007ffa2cfe5000 	C:\Users\nandy\.p2\pool\plugins\org.eclipse.justj.openjdk.hotspot.jre.full.win32.x86_64_17.0.8.v20230831-1047\jre\bin\nio.dll
0x0000000069ac0000 - 0x0000000069ae4000 	C:\Users\nandy\AppData\Local\Temp\jansi-2.4.0-99da5aff298d6628-jansi.dll
0x00007ffa41660000 - 0x00007ffa41670000 	C:\Users\nandy\.p2\pool\plugins\org.eclipse.justj.openjdk.hotspot.jre.full.win32.x86_64_17.0.8.v20230831-1047\jre\bin\verify.dll
0x00007ffa563e0000 - 0x00007ffa5640d000 	C:\windows\SYSTEM32\IPHLPAPI.DLL
0x00007ffa58e80000 - 0x00007ffa58e89000 	C:\windows\System32\NSI.dll
0x00007ffa51ae0000 - 0x00007ffa51af9000 	C:\windows\SYSTEM32\dhcpcsvc6.DLL
0x00007ffa51d60000 - 0x00007ffa51d7e000 	C:\windows\SYSTEM32\dhcpcsvc.DLL
0x00007ffa56410000 - 0x00007ffa564f7000 	C:\windows\SYSTEM32\DNSAPI.dll

dbghelp: loaded successfully - version: 4.0.5 - missing functions: none
symbol engine: initialized successfully - sym options: 0x614 - pdb path: .;C:\Users\nandy\.p2\pool\plugins\org.eclipse.justj.openjdk.hotspot.jre.full.win32.x86_64_17.0.8.v20230831-1047\jre\bin;C:\windows\SYSTEM32;C:\windows\WinSxS\amd64_microsoft.windows.common-controls_6595b64144ccf1df_6.0.22000.120_none_9d947278b86cc467;C:\Users\nandy\.p2\pool\plugins\org.eclipse.justj.openjdk.hotspot.jre.full.win32.x86_64_17.0.8.v20230831-1047\jre\bin\server;C:\Users\nandy\AppData\Local\Temp

VM Arguments:
jvm_args: -Dmaven.home=EMBEDDED -Dclassworlds.conf=D:\SWE-645\Code\.metadata\.plugins\org.eclipse.m2e.launching\launches\m2conf6312476494985730699.tmp -Dmaven.multiModuleProjectDirectory=D:\SWE645-HW3\swe645-HW3 -Dm2e.build.project.data.socket.port=55355 -Dfile.encoding=UTF-8 -Dstdout.encoding=UTF-8 -Dstderr.encoding=UTF-8 -XX:+ShowCodeDetailsInExceptionMessages 
java_command: org.codehaus.plexus.classworlds.launcher.Launcher -B -Dstyle.color=always install
java_class_path (initial): C:\Users\nandy\.p2\pool\plugins\org.eclipse.m2e.maven.runtime_3.9.400.20230826-0755\jars\plexus-classworlds-2.7.0.jar
Launcher Type: SUN_STANDARD

[Global flags]
     intx CICompilerCount                          = 4                                         {product} {ergonomic}
     uint ConcGCThreads                            = 3                                         {product} {ergonomic}
     uint G1ConcRefinementThreads                  = 10                                        {product} {ergonomic}
   size_t G1HeapRegionSize                         = 1048576                                   {product} {ergonomic}
    uintx GCDrainStackTargetSize                   = 64                                        {product} {ergonomic}
   size_t InitialHeapSize                          = 123731968                                 {product} {ergonomic}
   size_t MarkStackSize                            = 4194304                                   {product} {ergonomic}
   size_t MaxHeapSize                              = 1975517184                                {product} {ergonomic}
   size_t MaxNewSize                               = 1184890880                                {product} {ergonomic}
   size_t MinHeapDeltaBytes                        = 1048576                                   {product} {ergonomic}
   size_t MinHeapSize                              = 8388608                                   {product} {ergonomic}
    uintx NonNMethodCodeHeapSize                   = 5839372                                {pd product} {ergonomic}
    uintx NonProfiledCodeHeapSize                  = 122909434                              {pd product} {ergonomic}
    uintx ProfiledCodeHeapSize                     = 122909434                              {pd product} {ergonomic}
    uintx ReservedCodeCacheSize                    = 251658240                              {pd product} {ergonomic}
     bool SegmentedCodeCache                       = true                                      {product} {ergonomic}
     bool ShowCodeDetailsInExceptionMessages       = true                                   {manageable} {command line}
   size_t SoftMaxHeapSize                          = 1975517184                             {manageable} {ergonomic}
     bool UseCompressedClassPointers               = true                           {product lp64_product} {ergonomic}
     bool UseCompressedOops                        = true                           {product lp64_product} {ergonomic}
     bool UseG1GC                                  = true                                      {product} {ergonomic}
     bool UseLargePagesIndividualAllocation        = false                                  {pd product} {ergonomic}

Logging:
Log output configuration:
 #0: stdout all=warning uptime,level,tags
 #1: stderr all=off uptime,level,tags

Environment Variables:
JAVA_HOME=C:\Program Files\Java\jdk-11
CLASSPATH=D:\apache-tomcat-10.0.23\apache-tomcat-10.0.23\lib
PATH=C:/Users/nandy/.p2/pool/plugins/org.eclipse.justj.openjdk.hotspot.jre.full.win32.x86_64_21.0.1.v20231028-0937/jre/bin/server;C:/Users/nandy/.p2/pool/plugins/org.eclipse.justj.openjdk.hotspot.jre.full.win32.x86_64_21.0.1.v20231028-0937/jre/bin;C:\Program Files\Common Files\Oracle\Java\javapath;C:\windows\system32;C:\windows;C:\windows\System32\Wbem;C:\windows\System32\WindowsPowerShell\v1.0\;C:\windows\System32\OpenSSH\;C:\Program Files (x86)\Zorba XQuery Processor 3.0.0\bin;C:\Program Files\Java\jdk-11\bin;"%PATH%;";"C:\Program Files\Java\jdk-11\bin;";"D:\apache-tomcat-10.0.23\apache-tomcat-10.0.23\bin;";"D:\apache-tomcat-10.0.23\apache-tomcat-10.0.23\lib\servlet-api.jar;";C:\Program Files\Docker\Docker\resources\bin;C:\Program Files\nodejs\;C:\Program Files\Amazon\AWSCLIV2\;C:\Program Files\Git\cmd;C:\Program Files\PowerShell\7\;C:\Users\nandy\AppData\Local\Programs\Python\Python310\Scripts\;C:\Users\nandy\AppData\Local\Programs\Python\Python310\;C:\Users\nandy\AppData\Local\Microsoft\WindowsApps;C:\Users\nandy\AppData\Local\atom\bin;C:\Users\nandy\AppData\Local\Programs\Microsoft VS Code\bin;C:\Users\nandy\AppData\Roaming\npm;C:\windows\System32;
USERNAME=nandy
OS=Windows_NT
PROCESSOR_IDENTIFIER=AMD64 Family 25 Model 80 Stepping 0, AuthenticAMD
TMP=C:\Users\nandy\AppData\Local\Temp
TEMP=C:\Users\nandy\AppData\Local\Temp



---------------  S Y S T E M  ---------------

OS:
 Windows 11 , 64 bit Build 22000 (10.0.22000.2538)
OS uptime: 20 days 22:03 hours
Hyper-V role detected

CPU: total 12 (initial active 12) (12 cores per cpu, 2 threads per core) family 25 model 80 stepping 0 microcode 0x0, cx8, cmov, fxsr, ht, mmx, 3dnowpref, sse, sse2, sse3, ssse3, sse4a, sse4.1, sse4.2, popcnt, lzcnt, tsc, tscinvbit, avx, avx2, aes, erms, clmul, bmi1, bmi2, adx, sha, fma, vzeroupper, clflush, clflushopt, hv
Processor Information for processor 0
  Max Mhz: 2301, Current Mhz: 1798, Mhz Limit: 2301
Processor Information for processor 1
  Max Mhz: 2301, Current Mhz: 1798, Mhz Limit: 2301
Processor Information for processor 2
  Max Mhz: 2301, Current Mhz: 1798, Mhz Limit: 2301
Processor Information for processor 3
  Max Mhz: 2301, Current Mhz: 2301, Mhz Limit: 2301
Processor Information for processor 4
  Max Mhz: 2301, Current Mhz: 1798, Mhz Limit: 2301
Processor Information for processor 5
  Max Mhz: 2301, Current Mhz: 1798, Mhz Limit: 2301
Processor Information for processor 6
  Max Mhz: 2301, Current Mhz: 2301, Mhz Limit: 2301
Processor Information for processor 7
  Max Mhz: 2301, Current Mhz: 1798, Mhz Limit: 2301
Processor Information for processor 8
  Max Mhz: 2301, Current Mhz: 1798, Mhz Limit: 2301
Processor Information for processor 9
  Max Mhz: 2301, Current Mhz: 1798, Mhz Limit: 2301
Processor Information for processor 10
  Max Mhz: 2301, Current Mhz: 1798, Mhz Limit: 2301
Processor Information for processor 11
  Max Mhz: 2301, Current Mhz: 2301, Mhz Limit: 2301

Memory: 4k page, system-wide physical 7530M (336M free)
TotalPageFile size 24196M (AvailPageFile size 31M)
current process WorkingSet (physical memory assigned to process): 201M, peak: 201M
current process commit charge ("private bytes"): 242M, peak: 280M

vm_info: OpenJDK 64-Bit Server VM (17.0.8.1+1) for windows-amd64 JRE (17.0.8.1+1), built on Aug 23 2023 15:29:17 by "admin" with MS VC++ 16.7 (VS2019)

END.
